[1] "This is locus 1 burning time"
Time difference of 3.111485 secs
[1] "This is locus 1 computing time"
Time difference of 3.258288 secs
[[1]]
[1] 0 1 5 2

[1] "This is locus 1 burning time"
Time difference of 9.127316 secs
[1] "This is locus 1 burning time"
Time difference of 19.4506 secs
[1] "This is locus 1 computing time"
Time difference of 12.56372 secs
[1] "This is locus 1 computing time"
Time difference of 5.425472 secs
[[1]]
[1] 0 1 1 7

[1] "This is locus 1 computing time"
Time difference of 9.189588 secs
[1] "This is locus 1 burning time"
Time difference of 28.84 secs
[1] "This is locus 1 burning time"
Time difference of 26.85903 secs
[1] "This is locus 1 burning time"
Time difference of 37.0399 secs
[1] "This is locus 1 computing time"
Time difference of 9.653589 secs
[1] "This is locus 1 computing time"
Time difference of 6.241214 secs
[1] "This is locus 1 burning time"
Time difference of 37.44545 secs
[1] "This is locus 1 burning time"
Time difference of 27.31343 secs
[1] "This is locus 1 computing time"
Time difference of 40.13319 secs
[1] "This is locus 1 computing time"
Time difference of 45.78039 secs
[1] "This is locus 1 burning time"
Time difference of 1.269213 mins
