[[1]]
[1]  1  1 10 21

[[1]]
[1]  1  1 10 21

[[2]]
[1]  0  1  1 45

[[1]]
[1]  1  1 10 21

[[2]]
[1]  0  1  1 45

[[3]]
[1]  1  1  2 16

[[1]]
[1]  1  1 10 21

[[2]]
[1]  0  1  1 45

[[3]]
[1]  1  1  2 16

[[4]]
[1]  1  1  2 14

[[1]]
[1]  1  1  3 25

[[1]]
[1]  1  1  1 48

[[1]]
[1]  1  1  1 48

[[2]]
[1]  1  1  1 13

[[1]]
[1]  1  1  1 48

[[2]]
[1]  1  1  1 13

[[3]]
[1] 1 1 3 9

[[1]]
[1]  1  1  1 48

[[2]]
[1]  1  1  1 13

[[3]]
[1] 1 1 3 9

[[4]]
[1] 2 2 3 7

[[1]]
[1]  1  1  1 48

[[2]]
[1]  1  1  1 13

[[3]]
[1] 1 1 3 9

[[4]]
[1] 2 2 3 7

[[5]]
[1]  1  1  2 12

[[1]]
[1]  1  1  1 48

[[2]]
[1]  1  1  1 13

[[3]]
[1] 1 1 3 9

[[4]]
[1] 2 2 3 7

[[5]]
[1]  1  1  2 12

[[6]]
[1] 1 1 2 7

[[1]]
[1]  1  1  3 25

[[2]]
[1]  1  1  1 14

[[1]]
[1]  1  1  1 48

[[2]]
[1]  1  1  1 13

[[3]]
[1] 1 1 3 9

[[4]]
[1] 2 2 3 7

[[5]]
[1]  1  1  2 12

[[6]]
[1] 1 1 2 7

[[7]]
[1]  1  1  3 16

[[1]]
[1]  1  1  1 48

[[2]]
[1]  1  1  1 13

[[3]]
[1] 1 1 3 9

[[4]]
[1] 2 2 3 7

[[5]]
[1]  1  1  2 12

[[6]]
[1] 1 1 2 7

[[7]]
[1]  1  1  3 16

[[8]]
[1]  0  1  8 13

[[1]]
[1]  1  1  1 48

[[2]]
[1]  1  1  1 13

[[3]]
[1] 1 1 3 9

[[4]]
[1] 2 2 3 7

[[5]]
[1]  1  1  2 12

[[6]]
[1] 1 1 2 7

[[7]]
[1]  1  1  3 16

[[8]]
[1]  0  1  8 13

[[9]]
[1]  1  1  1 25

[[1]]
[1]  1  1  1 48

[[2]]
[1]  1  1  1 13

[[3]]
[1] 1 1 3 9

[[4]]
[1] 2 2 3 7

[[5]]
[1]  1  1  2 12

[[6]]
[1] 1 1 2 7

[[7]]
[1]  1  1  3 16

[[8]]
[1]  0  1  8 13

[[9]]
[1]  1  1  1 25

[[10]]
[1]  1  1  1 14

[[1]]
[1]  1  1  3 25

[[2]]
[1]  1  1  1 14

[[3]]
[1]  1  1  1 82

[[1]]
[1]  1  1  1 48

[[2]]
[1]  1  1  1 13

[[3]]
[1] 1 1 3 9

[[4]]
[1] 2 2 3 7

[[5]]
[1]  1  1  2 12

[[6]]
[1] 1 1 2 7

[[7]]
[1]  1  1  3 16

[[8]]
[1]  0  1  8 13

[[9]]
[1]  1  1  1 25

[[10]]
[1]  1  1  1 14

[[11]]
[1]  0  1  8 22

[[1]]
[1]  1  1  1 48

[[2]]
[1]  1  1  1 13

[[3]]
[1] 1 1 3 9

[[4]]
[1] 2 2 3 7

[[5]]
[1]  1  1  2 12

[[6]]
[1] 1 1 2 7

[[7]]
[1]  1  1  3 16

[[8]]
[1]  0  1  8 13

[[9]]
[1]  1  1  1 25

[[10]]
[1]  1  1  1 14

[[11]]
[1]  0  1  8 22

[[12]]
[1] 1 1 7 6

[[1]]
[1]  1  1  1 48

[[2]]
[1]  1  1  1 13

[[3]]
[1] 1 1 3 9

[[4]]
[1] 2 2 3 7

[[5]]
[1]  1  1  2 12

[[6]]
[1] 1 1 2 7

[[7]]
[1]  1  1  3 16

[[8]]
[1]  0  1  8 13

[[9]]
[1]  1  1  1 25

[[10]]
[1]  1  1  1 14

[[11]]
[1]  0  1  8 22

[[12]]
[1] 1 1 7 6

[[13]]
[1] 1 1 1 1

[[1]]
[1]  1  1  1 48

[[2]]
[1]  1  1  1 13

[[3]]
[1] 1 1 3 9

[[4]]
[1] 2 2 3 7

[[5]]
[1]  1  1  2 12

[[6]]
[1] 1 1 2 7

[[7]]
[1]  1  1  3 16

[[8]]
[1]  0  1  8 13

[[9]]
[1]  1  1  1 25

[[10]]
[1]  1  1  1 14

[[11]]
[1]  0  1  8 22

[[12]]
[1] 1 1 7 6

[[13]]
[1] 1 1 1 1

[[14]]
[1]  1  1  1 43

[[1]]
[1]  1  1  1 48

[[2]]
[1]  1  1  1 13

[[3]]
[1] 1 1 3 9

[[4]]
[1] 2 2 3 7

[[5]]
[1]  1  1  2 12

[[6]]
[1] 1 1 2 7

[[7]]
[1]  1  1  3 16

[[8]]
[1]  0  1  8 13

[[9]]
[1]  1  1  1 25

[[10]]
[1]  1  1  1 14

[[11]]
[1]  0  1  8 22

[[12]]
[1] 1 1 7 6

[[13]]
[1] 1 1 1 1

[[14]]
[1]  1  1  1 43

[[15]]
[1] 1 1 4 8

[[1]]
[1]  1  1  1 48

[[2]]
[1]  1  1  1 13

[[3]]
[1] 1 1 3 9

[[4]]
[1] 2 2 3 7

[[5]]
[1]  1  1  2 12

[[6]]
[1] 1 1 2 7

[[7]]
[1]  1  1  3 16

[[8]]
[1]  0  1  8 13

[[9]]
[1]  1  1  1 25

[[10]]
[1]  1  1  1 14

[[11]]
[1]  0  1  8 22

[[12]]
[1] 1 1 7 6

[[13]]
[1] 1 1 1 1

[[14]]
[1]  1  1  1 43

[[15]]
[1] 1 1 4 8

[[16]]
[1]  1  1  3 24

[[1]]
[1]  1  1  1 48

[[2]]
[1]  1  1  1 13

[[3]]
[1] 1 1 3 9

[[4]]
[1] 2 2 3 7

[[5]]
[1]  1  1  2 12

[[6]]
[1] 1 1 2 7

[[7]]
[1]  1  1  3 16

[[8]]
[1]  0  1  8 13

[[9]]
[1]  1  1  1 25

[[10]]
[1]  1  1  1 14

[[11]]
[1]  0  1  8 22

[[12]]
[1] 1 1 7 6

[[13]]
[1] 1 1 1 1

[[14]]
[1]  1  1  1 43

[[15]]
[1] 1 1 4 8

[[16]]
[1]  1  1  3 24

[[17]]
[1]  1  1  5 10

[[1]]
[1]  1  1  1 48

[[2]]
[1]  1  1  1 13

[[3]]
[1] 1 1 3 9

[[4]]
[1] 2 2 3 7

[[5]]
[1]  1  1  2 12

[[6]]
[1] 1 1 2 7

[[7]]
[1]  1  1  3 16

[[8]]
[1]  0  1  8 13

[[9]]
[1]  1  1  1 25

[[10]]
[1]  1  1  1 14

[[11]]
[1]  0  1  8 22

[[12]]
[1] 1 1 7 6

[[13]]
[1] 1 1 1 1

[[14]]
[1]  1  1  1 43

[[15]]
[1] 1 1 4 8

[[16]]
[1]  1  1  3 24

[[17]]
[1]  1  1  5 10

[[18]]
[1] 1 1 9 9

[[1]]
[1]  1  1  3 25

[[2]]
[1]  1  1  1 14

[[3]]
[1]  1  1  1 82

[[4]]
[1]  1  1  1 33

[[1]]
[1]  1  1  1 48

[[2]]
[1]  1  1  1 13

[[3]]
[1] 1 1 3 9

[[4]]
[1] 2 2 3 7

[[5]]
[1]  1  1  2 12

[[6]]
[1] 1 1 2 7

[[7]]
[1]  1  1  3 16

[[8]]
[1]  0  1  8 13

[[9]]
[1]  1  1  1 25

[[10]]
[1]  1  1  1 14

[[11]]
[1]  0  1  8 22

[[12]]
[1] 1 1 7 6

[[13]]
[1] 1 1 1 1

[[14]]
[1]  1  1  1 43

[[15]]
[1] 1 1 4 8

[[16]]
[1]  1  1  3 24

[[17]]
[1]  1  1  5 10

[[18]]
[1] 1 1 9 9

[[19]]
[1] 1 1 1 1

[[1]]
[1]  1  1  3 25

[[2]]
[1]  1  1  1 14

[[3]]
[1]  1  1  1 82

[[4]]
[1]  1  1  1 33

[[5]]
[1] 1 1 1 6

[[1]]
[1]  1  1  1 48

[[2]]
[1]  1  1  1 13

[[3]]
[1] 1 1 3 9

[[4]]
[1] 2 2 3 7

[[5]]
[1]  1  1  2 12

[[6]]
[1] 1 1 2 7

[[7]]
[1]  1  1  3 16

[[8]]
[1]  0  1  8 13

[[9]]
[1]  1  1  1 25

[[10]]
[1]  1  1  1 14

[[11]]
[1]  0  1  8 22

[[12]]
[1] 1 1 7 6

[[13]]
[1] 1 1 1 1

[[14]]
[1]  1  1  1 43

[[15]]
[1] 1 1 4 8

[[16]]
[1]  1  1  3 24

[[17]]
[1]  1  1  5 10

[[18]]
[1] 1 1 9 9

[[19]]
[1] 1 1 1 1

[[20]]
[1] 0 1 6 1

[[1]]
[1]  1  1  7 14

[[1]]
[1]  1  1  7 14

[[2]]
[1]  1  1  3 27

[[1]]
[1]  1  1  1 46

[[1]]
[1]  1  1  1 46

[[2]]
[1]  1  1  5 15

[[1]]
[1]  1  1  1 46

[[2]]
[1]  1  1  5 15

[[3]]
[1]  1  1 10 23

[[1]]
[1] 1 1 8 4

[[1]]
[1] 1 1 8 4

[[2]]
[1]  1  1  8 11

[[1]]
[1] 1 1 8 4

[[2]]
[1]  1  1  8 11

[[3]]
[1] 1 1 2 8

[[1]]
[1]  1  1  1 12

[[1]]
[1]  1  1  1 12

[[2]]
[1]  1  1  2 20

[[1]]
[1] 1 1 8 4

[[2]]
[1]  1  1  8 11

[[3]]
[1] 1 1 2 8

[[4]]
[1]  1  1  3 11

[[1]]
[1] 1 1 8 4

[[2]]
[1]  1  1  8 11

[[3]]
[1] 1 1 2 8

[[4]]
[1]  1  1  3 11

[[5]]
[1] 1 1 1 1

[[1]]
[1] 1 1 8 4

[[2]]
[1]  1  1  8 11

[[3]]
[1] 1 1 2 8

[[4]]
[1]  1  1  3 11

[[5]]
[1] 1 1 1 1

[[6]]
[1] 1 1 3 8

[[1]]
[1] 1 1 8 4

[[2]]
[1]  1  1  8 11

[[3]]
[1] 1 1 2 8

[[4]]
[1]  1  1  3 11

[[5]]
[1] 1 1 1 1

[[6]]
[1] 1 1 3 8

[[7]]
[1] 1 1 1 2

[[1]]
[1] 1 1 8 4

[[2]]
[1]  1  1  8 11

[[3]]
[1] 1 1 2 8

[[4]]
[1]  1  1  3 11

[[5]]
[1] 1 1 1 1

[[6]]
[1] 1 1 3 8

[[7]]
[1] 1 1 1 2

[[8]]
[1] 1 1 3 9

[[1]]
[1] 1 1 8 4

[[2]]
[1]  1  1  8 11

[[3]]
[1] 1 1 2 8

[[4]]
[1]  1  1  3 11

[[5]]
[1] 1 1 1 1

[[6]]
[1] 1 1 3 8

[[7]]
[1] 1 1 1 2

[[8]]
[1] 1 1 3 9

[[9]]
[1] 1 1 2 7

[[1]]
[1]  1  1  1 12

[[2]]
[1]  1  1  2 20

[[3]]
[1] 1 1 1 4

[[1]]
[1] 1 1 8 4

[[2]]
[1]  1  1  8 11

[[3]]
[1] 1 1 2 8

[[4]]
[1]  1  1  3 11

[[5]]
[1] 1 1 1 1

[[6]]
[1] 1 1 3 8

[[7]]
[1] 1 1 1 2

[[8]]
[1] 1 1 3 9

[[9]]
[1] 1 1 2 7

[[10]]
[1]  1  1  6 13

[[1]]
[1] 1 1 8 4

[[2]]
[1]  1  1  8 11

[[3]]
[1] 1 1 2 8

[[4]]
[1]  1  1  3 11

[[5]]
[1] 1 1 1 1

[[6]]
[1] 1 1 3 8

[[7]]
[1] 1 1 1 2

[[8]]
[1] 1 1 3 9

[[9]]
[1] 1 1 2 7

[[10]]
[1]  1  1  6 13

[[11]]
[1] 1 1 2 9

[[1]]
[1] 1 1 8 4

[[2]]
[1]  1  1  8 11

[[3]]
[1] 1 1 2 8

[[4]]
[1]  1  1  3 11

[[5]]
[1] 1 1 1 1

[[6]]
[1] 1 1 3 8

[[7]]
[1] 1 1 1 2

[[8]]
[1] 1 1 3 9

[[9]]
[1] 1 1 2 7

[[10]]
[1]  1  1  6 13

[[11]]
[1] 1 1 2 9

[[12]]
[1]  1  1  2 24

[[1]]
[1] 1 1 8 4

[[2]]
[1]  1  1  8 11

[[3]]
[1] 1 1 2 8

[[4]]
[1]  1  1  3 11

[[5]]
[1] 1 1 1 1

[[6]]
[1] 1 1 3 8

[[7]]
[1] 1 1 1 2

[[8]]
[1] 1 1 3 9

[[9]]
[1] 1 1 2 7

[[10]]
[1]  1  1  6 13

[[11]]
[1] 1 1 2 9

[[12]]
[1]  1  1  2 24

[[13]]
[1]  1  1  2 14

[[1]]
[1] 1 1 8 4

[[2]]
[1]  1  1  8 11

[[3]]
[1] 1 1 2 8

[[4]]
[1]  1  1  3 11

[[5]]
[1] 1 1 1 1

[[6]]
[1] 1 1 3 8

[[7]]
[1] 1 1 1 2

[[8]]
[1] 1 1 3 9

[[9]]
[1] 1 1 2 7

[[10]]
[1]  1  1  6 13

[[11]]
[1] 1 1 2 9

[[12]]
[1]  1  1  2 24

[[13]]
[1]  1  1  2 14

[[14]]
[1] 1 1 1 5

[[1]]
[1]  1  1  1 52

[[1]]
[1] 1 1 8 4

[[2]]
[1]  1  1  8 11

[[3]]
[1] 1 1 2 8

[[4]]
[1]  1  1  3 11

[[5]]
[1] 1 1 1 1

[[6]]
[1] 1 1 3 8

[[7]]
[1] 1 1 1 2

[[8]]
[1] 1 1 3 9

[[9]]
[1] 1 1 2 7

[[10]]
[1]  1  1  6 13

[[11]]
[1] 1 1 2 9

[[12]]
[1]  1  1  2 24

[[13]]
[1]  1  1  2 14

[[14]]
[1] 1 1 1 5

[[15]]
[1]  1  1  4 35

[[1]]
[1] 1 1 8 4

[[2]]
[1]  1  1  8 11

[[3]]
[1] 1 1 2 8

[[4]]
[1]  1  1  3 11

[[5]]
[1] 1 1 1 1

[[6]]
[1] 1 1 3 8

[[7]]
[1] 1 1 1 2

[[8]]
[1] 1 1 3 9

[[9]]
[1] 1 1 2 7

[[10]]
[1]  1  1  6 13

[[11]]
[1] 1 1 2 9

[[12]]
[1]  1  1  2 24

[[13]]
[1]  1  1  2 14

[[14]]
[1] 1 1 1 5

[[15]]
[1]  1  1  4 35

[[16]]
[1] 1 1 1 2

[[1]]
[1] 1 1 8 4

[[2]]
[1]  1  1  8 11

[[3]]
[1] 1 1 2 8

[[4]]
[1]  1  1  3 11

[[5]]
[1] 1 1 1 1

[[6]]
[1] 1 1 3 8

[[7]]
[1] 1 1 1 2

[[8]]
[1] 1 1 3 9

[[9]]
[1] 1 1 2 7

[[10]]
[1]  1  1  6 13

[[11]]
[1] 1 1 2 9

[[12]]
[1]  1  1  2 24

[[13]]
[1]  1  1  2 14

[[14]]
[1] 1 1 1 5

[[15]]
[1]  1  1  4 35

[[16]]
[1] 1 1 1 2

[[17]]
[1]  1  1  2 15

[[1]]
[1]  1  1  4 15

[[1]]
[1]  1  1  4 15

[[2]]
[1]  0  1  6 13

[[1]]
[1]  1  1  4 15

[[2]]
[1]  0  1  6 13

[[3]]
[1] 1 1 7 9

[[1]]
[1]  1  1  4 15

[[2]]
[1]  0  1  6 13

[[3]]
[1] 1 1 7 9

[[4]]
[1]  1  1  6 24

[[1]]
[1]  1  1  4 15

[[2]]
[1]  0  1  6 13

[[3]]
[1] 1 1 7 9

[[4]]
[1]  1  1  6 24

[[5]]
[1]  1  1  7 50

[[1]]
[1]  1  1  4 15

[[2]]
[1]  0  1  6 13

[[3]]
[1] 1 1 7 9

[[4]]
[1]  1  1  6 24

[[5]]
[1]  1  1  7 50

[[6]]
[1]  1  1  1 24

[[1]]
[1]  1  1  2 10

[[1]]
[1]  1  1  2 10

[[2]]
[1]  0  1  6 16

