[[1]]
[1] 0 1 1 3

[[1]]
[1] 1 1 1 6

[[1]]
[1]  0  1  3 10

[[1]]
[1] 0 1 1 3

[[2]]
[1] 0 1 3 4

[[1]]
[1] 0 1 4 2

[[1]]
[1] 1 1 1 6

[[2]]
[1]  1  1  9 18

[[1]]
[1] 0 1 4 2

[[2]]
[1] 0 1 5 4

[[1]]
[1] 1 1 1 6

[[2]]
[1]  1  1  9 18

[[3]]
[1] 1 1 8 6

[[1]]
[1] 1 1 1 6

[[2]]
[1]  1  1  9 18

[[3]]
[1] 1 1 8 6

[[4]]
[1]  1  1  5 20

[[1]]
[1] 0 1 4 2

[[2]]
[1] 0 1 5 4

[[3]]
[1] 0 1 5 1

[[1]]
[1] 0 1 4 2

[[2]]
[1] 0 1 5 4

[[3]]
[1] 0 1 5 1

[[4]]
[1] 1 1 2 6

[[1]]
[1] 1 1 1 6

[[2]]
[1]  1  1  9 18

[[3]]
[1] 1 1 8 6

[[4]]
[1]  1  1  5 20

[[5]]
[1]  1  1  8 28

[[1]]
[1] 0 1 1 3

[[2]]
[1] 0 1 3 4

[[3]]
[1]  1  2 10 45

[[1]]
[1] 1 1 1 6

[[2]]
[1]  1  1  9 18

[[3]]
[1] 1 1 8 6

[[4]]
[1]  1  1  5 20

[[5]]
[1]  1  1  8 28

[[6]]
[1] 1 1 1 9

[[1]]
[1] 0 1 1 3

[[2]]
[1] 0 1 3 4

[[3]]
[1]  1  2 10 45

[[4]]
[1]  0  1  3 14

[[1]]
[1] 0 1 4 2

[[2]]
[1] 0 1 5 4

[[3]]
[1] 0 1 5 1

[[4]]
[1] 1 1 2 6

[[5]]
[1]  1  1  5 12

[[1]]
[1] 0 1 1 3

[[2]]
[1] 0 1 3 4

[[3]]
[1]  1  2 10 45

[[4]]
[1]  0  1  3 14

[[5]]
[1]  0  1  9 16

[[1]]
[1] 0 1 1 3

[[2]]
[1] 0 1 3 4

[[3]]
[1]  1  2 10 45

[[4]]
[1]  0  1  3 14

[[5]]
[1]  0  1  9 16

[[6]]
[1] 0 1 7 1

[[1]]
[1]  0  1  3 10

[[2]]
[1]  0  1  3 14

[[1]]
[1] 1 1 1 6

[[2]]
[1]  1  1  9 18

[[3]]
[1] 1 1 8 6

[[4]]
[1]  1  1  5 20

[[5]]
[1]  1  1  8 28

[[6]]
[1] 1 1 1 9

[[7]]
[1] 0 1 6 1

[[1]]
[1] 0 1 4 2

[[2]]
[1] 0 1 5 4

[[3]]
[1] 0 1 5 1

[[4]]
[1] 1 1 2 6

[[5]]
[1]  1  1  5 12

[[6]]
[1]  2  2  4 13

[[1]]
[1]  0  1  3 10

[[2]]
[1]  0  1  3 14

[[3]]
[1] 0 1 7 4

[[1]]
[1] 0 1 4 2

[[2]]
[1] 0 1 5 4

[[3]]
[1] 0 1 5 1

[[4]]
[1] 1 1 2 6

[[5]]
[1]  1  1  5 12

[[6]]
[1]  2  2  4 13

[[7]]
[1] 1 1 1 9

[[1]]
[1] 1 1 1 6

[[2]]
[1]  1  1  9 18

[[3]]
[1] 1 1 8 6

[[4]]
[1]  1  1  5 20

[[5]]
[1]  1  1  8 28

[[6]]
[1] 1 1 1 9

[[7]]
[1] 0 1 6 1

[[8]]
[1]  1  1  1 21

[[1]]
[1] 0 1 1 3

[[2]]
[1] 0 1 3 4

[[3]]
[1]  1  2 10 45

[[4]]
[1]  0  1  3 14

[[5]]
[1]  0  1  9 16

[[6]]
[1] 0 1 7 1

[[7]]
[1] 0 1 8 5

[[1]]
[1] 0 1 4 2

[[2]]
[1] 0 1 5 4

[[3]]
[1] 0 1 5 1

[[4]]
[1] 1 1 2 6

[[5]]
[1]  1  1  5 12

[[6]]
[1]  2  2  4 13

[[7]]
[1] 1 1 1 9

[[8]]
[1]  1  1  1 14

[[1]]
[1] 1 1 1 6

[[2]]
[1]  1  1  9 18

[[3]]
[1] 1 1 8 6

[[4]]
[1]  1  1  5 20

[[5]]
[1]  1  1  8 28

[[6]]
[1] 1 1 1 9

[[7]]
[1] 0 1 6 1

[[8]]
[1]  1  1  1 21

[[9]]
[1] 1 1 5 5

[[1]]
[1] 0 1 3 5

[[1]]
[1] 0 1 3 5

[[2]]
[1]  0  1 10  1

[[1]]
[1]  0  1 10  1

[[1]]
[1] 1 1 8 7

[[1]]
[1] 1 1 8 7

[[2]]
[1]  2  2  5 24

[[1]]
[1] 1 1 8 7

[[2]]
[1]  2  2  5 24

[[3]]
[1]  1  1  8 32

[[1]]
[1] 0 1 3 5

[[2]]
[1]  0  1 10  1

[[3]]
[1]  1  1  4 15

[[1]]
[1]  0  1 10  1

[[2]]
[1]  1  1  7 10

[[1]]
[1]  1  1  2 59

[[1]]
[1]  0  1 10  1

[[2]]
[1]  1  1  7 10

[[3]]
[1]  1  1  1 22

[[1]]
[1] 1 1 8 7

[[2]]
[1]  2  2  5 24

[[3]]
[1]  1  1  8 32

[[4]]
[1] 1 1 1 4

[[1]]
[1]  1  1  2 59

[[2]]
[1]  1  1  8 56

[[1]]
[1] 1 1 8 7

[[2]]
[1]  2  2  5 24

[[3]]
[1]  1  1  8 32

[[4]]
[1] 1 1 1 4

[[5]]
[1] 1 1 2 3

[[1]]
[1]  0  1 10  1

[[2]]
[1]  1  1  7 10

[[3]]
[1]  1  1  1 22

[[4]]
[1] 1 1 1 2

[[1]]
[1]  1  1  2 59

[[2]]
[1]  1  1  8 56

[[3]]
[1] 0 1 9 6

[[1]]
[1] 1 1 8 7

[[2]]
[1]  2  2  5 24

[[3]]
[1]  1  1  8 32

[[4]]
[1] 1 1 1 4

[[5]]
[1] 1 1 2 3

[[6]]
[1] 1 1 3 2

[[1]]
[1] 1 1 8 7

[[2]]
[1]  2  2  5 24

[[3]]
[1]  1  1  8 32

[[4]]
[1] 1 1 1 4

[[5]]
[1] 1 1 2 3

[[6]]
[1] 1 1 3 2

[[7]]
[1]  1  1  6 25

[[1]]
[1] 0 1 3 5

[[2]]
[1]  0  1 10  1

[[3]]
[1]  1  1  4 15

[[4]]
[1] 1 1 2 7

[[1]]
[1] 1 1 8 7

[[2]]
[1]  2  2  5 24

[[3]]
[1]  1  1  8 32

[[4]]
[1] 1 1 1 4

[[5]]
[1] 1 1 2 3

[[6]]
[1] 1 1 3 2

[[7]]
[1]  1  1  6 25

[[8]]
[1]  1  2 10 17

[[1]]
[1]  0  1 10  1

[[2]]
[1]  1  1  7 10

[[3]]
[1]  1  1  1 22

[[4]]
[1] 1 1 1 2

[[5]]
[1]  1  1  5 27

[[1]]
[1] 1 1 8 7

[[2]]
[1]  2  2  5 24

[[3]]
[1]  1  1  8 32

[[4]]
[1] 1 1 1 4

[[5]]
[1] 1 1 2 3

[[6]]
[1] 1 1 3 2

[[7]]
[1]  1  1  6 25

[[8]]
[1]  1  2 10 17

[[9]]
[1]  1  1  1 18

[[1]]
[1] 1 1 8 7

[[2]]
[1]  2  2  5 24

[[3]]
[1]  1  1  8 32

[[4]]
[1] 1 1 1 4

[[5]]
[1] 1 1 2 3

[[6]]
[1] 1 1 3 2

[[7]]
[1]  1  1  6 25

[[8]]
[1]  1  2 10 17

[[9]]
[1]  1  1  1 18

[[10]]
[1] 1 1 1 5

[[1]]
[1] 1 1 8 7

[[2]]
[1]  2  2  5 24

[[3]]
[1]  1  1  8 32

[[4]]
[1] 1 1 1 4

[[5]]
[1] 1 1 2 3

[[6]]
[1] 1 1 3 2

[[7]]
[1]  1  1  6 25

[[8]]
[1]  1  2 10 17

[[9]]
[1]  1  1  1 18

[[10]]
[1] 1 1 1 5

[[11]]
[1]  1  1  4 16

[[1]]
[1] 1 1 8 7

[[2]]
[1]  2  2  5 24

[[3]]
[1]  1  1  8 32

[[4]]
[1] 1 1 1 4

[[5]]
[1] 1 1 2 3

[[6]]
[1] 1 1 3 2

[[7]]
[1]  1  1  6 25

[[8]]
[1]  1  2 10 17

[[9]]
[1]  1  1  1 18

[[10]]
[1] 1 1 1 5

[[11]]
[1]  1  1  4 16

[[12]]
[1]  1  1  1 20

[[1]]
[1]  0  1 10  1

[[2]]
[1]  1  1  7 10

[[3]]
[1]  1  1  1 22

[[4]]
[1] 1 1 1 2

[[5]]
[1]  1  1  5 27

[[6]]
[1] 0 1 9 3

[[1]]
[1]  0  1 10  1

[[2]]
[1]  1  1  7 10

[[3]]
[1]  1  1  1 22

[[4]]
[1] 1 1 1 2

[[5]]
[1]  1  1  5 27

[[6]]
[1] 0 1 9 3

[[7]]
[1] 0 1 8 4

[[1]]
[1] 1 1 8 7

[[2]]
[1]  2  2  5 24

[[3]]
[1]  1  1  8 32

[[4]]
[1] 1 1 1 4

[[5]]
[1] 1 1 2 3

[[6]]
[1] 1 1 3 2

[[7]]
[1]  1  1  6 25

[[8]]
[1]  1  2 10 17

[[9]]
[1]  1  1  1 18

[[10]]
[1] 1 1 1 5

[[11]]
[1]  1  1  4 16

[[12]]
[1]  1  1  1 20

[[13]]
[1] 1 1 2 2

[[1]]
[1] 1 1 8 7

[[2]]
[1]  2  2  5 24

[[3]]
[1]  1  1  8 32

[[4]]
[1] 1 1 1 4

[[5]]
[1] 1 1 2 3

[[6]]
[1] 1 1 3 2

[[7]]
[1]  1  1  6 25

[[8]]
[1]  1  2 10 17

[[9]]
[1]  1  1  1 18

[[10]]
[1] 1 1 1 5

[[11]]
[1]  1  1  4 16

[[12]]
[1]  1  1  1 20

[[13]]
[1] 1 1 2 2

[[14]]
[1] 1 1 9 5

[[1]]
[1]  1  1  2 59

[[2]]
[1]  1  1  8 56

[[3]]
[1] 0 1 9 6

[[4]]
[1]  1  2  1 30

[[1]]
[1] 1 1 8 7

[[2]]
[1]  2  2  5 24

[[3]]
[1]  1  1  8 32

[[4]]
[1] 1 1 1 4

[[5]]
[1] 1 1 2 3

[[6]]
[1] 1 1 3 2

[[7]]
[1]  1  1  6 25

[[8]]
[1]  1  2 10 17

[[9]]
[1]  1  1  1 18

[[10]]
[1] 1 1 1 5

[[11]]
[1]  1  1  4 16

[[12]]
[1]  1  1  1 20

[[13]]
[1] 1 1 2 2

[[14]]
[1] 1 1 9 5

[[15]]
[1] 1 1 3 5

[[1]]
[1]  0  1 10  1

[[2]]
[1]  1  1  7 10

[[3]]
[1]  1  1  1 22

[[4]]
[1] 1 1 1 2

[[5]]
[1]  1  1  5 27

[[6]]
[1] 0 1 9 3

[[7]]
[1] 0 1 8 4

[[8]]
[1] 1 1 4 2

[[1]]
[1]  1  1  2 59

[[2]]
[1]  1  1  8 56

[[3]]
[1] 0 1 9 6

[[4]]
[1]  1  2  1 30

[[5]]
[1]   1   1  10 113

[[1]]
[1]  0  1 10  1

[[2]]
[1]  1  1  7 10

[[3]]
[1]  1  1  1 22

[[4]]
[1] 1 1 1 2

[[5]]
[1]  1  1  5 27

[[6]]
[1] 0 1 9 3

[[7]]
[1] 0 1 8 4

[[8]]
[1] 1 1 4 2

[[9]]
[1]  1  1  9 47

[[1]]
[1] 1 1 8 7

[[2]]
[1]  2  2  5 24

[[3]]
[1]  1  1  8 32

[[4]]
[1] 1 1 1 4

[[5]]
[1] 1 1 2 3

[[6]]
[1] 1 1 3 2

[[7]]
[1]  1  1  6 25

[[8]]
[1]  1  2 10 17

[[9]]
[1]  1  1  1 18

[[10]]
[1] 1 1 1 5

[[11]]
[1]  1  1  4 16

[[12]]
[1]  1  1  1 20

[[13]]
[1] 1 1 2 2

[[14]]
[1] 1 1 9 5

[[15]]
[1] 1 1 3 5

[[16]]
[1] 1 1 2 6

[[1]]
[1] 1 1 8 7

[[2]]
[1]  2  2  5 24

[[3]]
[1]  1  1  8 32

[[4]]
[1] 1 1 1 4

[[5]]
[1] 1 1 2 3

[[6]]
[1] 1 1 3 2

[[7]]
[1]  1  1  6 25

[[8]]
[1]  1  2 10 17

[[9]]
[1]  1  1  1 18

[[10]]
[1] 1 1 1 5

[[11]]
[1]  1  1  4 16

[[12]]
[1]  1  1  1 20

[[13]]
[1] 1 1 2 2

[[14]]
[1] 1 1 9 5

[[15]]
[1] 1 1 3 5

[[16]]
[1] 1 1 2 6

[[17]]
[1] 0.0 2.0 2.0 1.5

[[1]]
[1] 1 1 8 7

[[2]]
[1]  2  2  5 24

[[3]]
[1]  1  1  8 32

[[4]]
[1] 1 1 1 4

[[5]]
[1] 1 1 2 3

[[6]]
[1] 1 1 3 2

[[7]]
[1]  1  1  6 25

[[8]]
[1]  1  2 10 17

[[9]]
[1]  1  1  1 18

[[10]]
[1] 1 1 1 5

[[11]]
[1]  1  1  4 16

[[12]]
[1]  1  1  1 20

[[13]]
[1] 1 1 2 2

[[14]]
[1] 1 1 9 5

[[15]]
[1] 1 1 3 5

[[16]]
[1] 1 1 2 6

[[17]]
[1] 0.0 2.0 2.0 1.5

[[18]]
[1] 1 1 4 2

[[1]]
[1]  1  1  2 59

[[2]]
[1]  1  1  8 56

[[3]]
[1] 0 1 9 6

[[4]]
[1]  1  2  1 30

[[5]]
[1]   1   1  10 113

[[6]]
[1]  0  1  3 51

[[1]]
[1]  1  1  2 59

[[2]]
[1]  1  1  8 56

[[3]]
[1] 0 1 9 6

[[4]]
[1]  1  2  1 30

[[5]]
[1]   1   1  10 113

[[6]]
[1]  0  1  3 51

[[7]]
[1]  1  1  1 44

[[1]]
[1]  0  1 10  1

[[2]]
[1]  1  1  7 10

[[3]]
[1]  1  1  1 22

[[4]]
[1] 1 1 1 2

[[5]]
[1]  1  1  5 27

[[6]]
[1] 0 1 9 3

[[7]]
[1] 0 1 8 4

[[8]]
[1] 1 1 4 2

[[9]]
[1]  1  1  9 47

[[10]]
[1] 1 1 4 5

[[1]]
[1] 1 1 8 7

[[2]]
[1]  2  2  5 24

[[3]]
[1]  1  1  8 32

[[4]]
[1] 1 1 1 4

[[5]]
[1] 1 1 2 3

[[6]]
[1] 1 1 3 2

[[7]]
[1]  1  1  6 25

[[8]]
[1]  1  2 10 17

[[9]]
[1]  1  1  1 18

[[10]]
[1] 1 1 1 5

[[11]]
[1]  1  1  4 16

[[12]]
[1]  1  1  1 20

[[13]]
[1] 1 1 2 2

[[14]]
[1] 1 1 9 5

[[15]]
[1] 1 1 3 5

[[16]]
[1] 1 1 2 6

[[17]]
[1] 0.0 2.0 2.0 1.5

[[18]]
[1] 1 1 4 2

[[19]]
[1] 0 1 2 2

[[1]]
[1] 1 1 8 7

[[2]]
[1]  2  2  5 24

[[3]]
[1]  1  1  8 32

[[4]]
[1] 1 1 1 4

[[5]]
[1] 1 1 2 3

[[6]]
[1] 1 1 3 2

[[7]]
[1]  1  1  6 25

[[8]]
[1]  1  2 10 17

[[9]]
[1]  1  1  1 18

[[10]]
[1] 1 1 1 5

[[11]]
[1]  1  1  4 16

[[12]]
[1]  1  1  1 20

[[13]]
[1] 1 1 2 2

[[14]]
[1] 1 1 9 5

[[15]]
[1] 1 1 3 5

[[16]]
[1] 1 1 2 6

[[17]]
[1] 0.0 2.0 2.0 1.5

[[18]]
[1] 1 1 4 2

[[19]]
[1] 0 1 2 2

[[20]]
[1]  1  1  3 19

[[1]]
[1]  1  1  2 59

[[2]]
[1]  1  1  8 56

[[3]]
[1] 0 1 9 6

[[4]]
[1]  1  2  1 30

[[5]]
[1]   1   1  10 113

[[6]]
[1]  0  1  3 51

[[7]]
[1]  1  1  1 44

[[8]]
[1]  0  1  3 24

[[1]]
[1] 1 1 8 7

[[2]]
[1]  2  2  5 24

[[3]]
[1]  1  1  8 32

[[4]]
[1] 1 1 1 4

[[5]]
[1] 1 1 2 3

[[6]]
[1] 1 1 3 2

[[7]]
[1]  1  1  6 25

[[8]]
[1]  1  2 10 17

[[9]]
[1]  1  1  1 18

[[10]]
[1] 1 1 1 5

[[11]]
[1]  1  1  4 16

[[12]]
[1]  1  1  1 20

[[13]]
[1] 1 1 2 2

[[14]]
[1] 1 1 9 5

[[15]]
[1] 1 1 3 5

[[16]]
[1] 1 1 2 6

[[17]]
[1] 0.0 2.0 2.0 1.5

[[18]]
[1] 1 1 4 2

[[19]]
[1] 0 1 2 2

[[20]]
[1]  1  1  3 19

[[21]]
[1]  1  1  4 36

[[1]]
[1] 1 1 8 7

[[2]]
[1]  2  2  5 24

[[3]]
[1]  1  1  8 32

[[4]]
[1] 1 1 1 4

[[5]]
[1] 1 1 2 3

[[6]]
[1] 1 1 3 2

[[7]]
[1]  1  1  6 25

[[8]]
[1]  1  2 10 17

[[9]]
[1]  1  1  1 18

[[10]]
[1] 1 1 1 5

[[11]]
[1]  1  1  4 16

[[12]]
[1]  1  1  1 20

[[13]]
[1] 1 1 2 2

[[14]]
[1] 1 1 9 5

[[15]]
[1] 1 1 3 5

[[16]]
[1] 1 1 2 6

[[17]]
[1] 0.0 2.0 2.0 1.5

[[18]]
[1] 1 1 4 2

[[19]]
[1] 0 1 2 2

[[20]]
[1]  1  1  3 19

[[21]]
[1]  1  1  4 36

[[22]]
[1] 1 1 2 6

[[1]]
[1] 0 1 3 5

[[2]]
[1]  0  1 10  1

[[3]]
[1]  1  1  4 15

[[4]]
[1] 1 1 2 7

[[5]]
[1]  1  1 10 29

[[1]]
[1]  0  1 10  1

[[2]]
[1]  1  1  7 10

[[3]]
[1]  1  1  1 22

[[4]]
[1] 1 1 1 2

[[5]]
[1]  1  1  5 27

[[6]]
[1] 0 1 9 3

[[7]]
[1] 0 1 8 4

[[8]]
[1] 1 1 4 2

[[9]]
[1]  1  1  9 47

[[10]]
[1] 1 1 4 5

[[11]]
[1] 1 1 2 4

[[1]]
[1] 1 1 8 7

[[2]]
[1]  2  2  5 24

[[3]]
[1]  1  1  8 32

[[4]]
[1] 1 1 1 4

[[5]]
[1] 1 1 2 3

[[6]]
[1] 1 1 3 2

[[7]]
[1]  1  1  6 25

[[8]]
[1]  1  2 10 17

[[9]]
[1]  1  1  1 18

[[10]]
[1] 1 1 1 5

[[11]]
[1]  1  1  4 16

[[12]]
[1]  1  1  1 20

[[13]]
[1] 1 1 2 2

[[14]]
[1] 1 1 9 5

[[15]]
[1] 1 1 3 5

[[16]]
[1] 1 1 2 6

[[17]]
[1] 0.0 2.0 2.0 1.5

[[18]]
[1] 1 1 4 2

[[19]]
[1] 0 1 2 2

[[20]]
[1]  1  1  3 19

[[21]]
[1]  1  1  4 36

[[22]]
[1] 1 1 2 6

[[23]]
[1] 0 1 2 2

[[1]]
[1]  0  1 10  1

[[2]]
[1]  1  1  7 10

[[3]]
[1]  1  1  1 22

[[4]]
[1] 1 1 1 2

[[5]]
[1]  1  1  5 27

[[6]]
[1] 0 1 9 3

[[7]]
[1] 0 1 8 4

[[8]]
[1] 1 1 4 2

[[9]]
[1]  1  1  9 47

[[10]]
[1] 1 1 4 5

[[11]]
[1] 1 1 2 4

[[12]]
[1]  1  1  1 48

[[1]]
[1] 1 1 8 7

[[2]]
[1]  2  2  5 24

[[3]]
[1]  1  1  8 32

[[4]]
[1] 1 1 1 4

[[5]]
[1] 1 1 2 3

[[6]]
[1] 1 1 3 2

[[7]]
[1]  1  1  6 25

[[8]]
[1]  1  2 10 17

[[9]]
[1]  1  1  1 18

[[10]]
[1] 1 1 1 5

[[11]]
[1]  1  1  4 16

[[12]]
[1]  1  1  1 20

[[13]]
[1] 1 1 2 2

[[14]]
[1] 1 1 9 5

[[15]]
[1] 1 1 3 5

[[16]]
[1] 1 1 2 6

[[17]]
[1] 0.0 2.0 2.0 1.5

[[18]]
[1] 1 1 4 2

[[19]]
[1] 0 1 2 2

[[20]]
[1]  1  1  3 19

[[21]]
[1]  1  1  4 36

[[22]]
[1] 1 1 2 6

[[23]]
[1] 0 1 2 2

[[24]]
[1] 1 1 1 2

[[1]]
[1] 1 1 8 7

[[2]]
[1]  2  2  5 24

[[3]]
[1]  1  1  8 32

[[4]]
[1] 1 1 1 4

[[5]]
[1] 1 1 2 3

[[6]]
[1] 1 1 3 2

[[7]]
[1]  1  1  6 25

[[8]]
[1]  1  2 10 17

[[9]]
[1]  1  1  1 18

[[10]]
[1] 1 1 1 5

[[11]]
[1]  1  1  4 16

[[12]]
[1]  1  1  1 20

[[13]]
[1] 1 1 2 2

[[14]]
[1] 1 1 9 5

[[15]]
[1] 1 1 3 5

[[16]]
[1] 1 1 2 6

[[17]]
[1] 0.0 2.0 2.0 1.5

[[18]]
[1] 1 1 4 2

[[19]]
[1] 0 1 2 2

[[20]]
[1]  1  1  3 19

[[21]]
[1]  1  1  4 36

[[22]]
[1] 1 1 2 6

[[23]]
[1] 0 1 2 2

[[24]]
[1] 1 1 1 2

[[25]]
[1] 1 1 3 2

[[1]]
[1]  0  1 10  1

[[2]]
[1]  1  1  7 10

[[3]]
[1]  1  1  1 22

[[4]]
[1] 1 1 1 2

[[5]]
[1]  1  1  5 27

[[6]]
[1] 0 1 9 3

[[7]]
[1] 0 1 8 4

[[8]]
[1] 1 1 4 2

[[9]]
[1]  1  1  9 47

[[10]]
[1] 1 1 4 5

[[11]]
[1] 1 1 2 4

[[12]]
[1]  1  1  1 48

[[13]]
[1] 1 1 2 9

[[1]]
[1] 1 1 8 7

[[2]]
[1]  2  2  5 24

[[3]]
[1]  1  1  8 32

[[4]]
[1] 1 1 1 4

[[5]]
[1] 1 1 2 3

[[6]]
[1] 1 1 3 2

[[7]]
[1]  1  1  6 25

[[8]]
[1]  1  2 10 17

[[9]]
[1]  1  1  1 18

[[10]]
[1] 1 1 1 5

[[11]]
[1]  1  1  4 16

[[12]]
[1]  1  1  1 20

[[13]]
[1] 1 1 2 2

[[14]]
[1] 1 1 9 5

[[15]]
[1] 1 1 3 5

[[16]]
[1] 1 1 2 6

[[17]]
[1] 0.0 2.0 2.0 1.5

[[18]]
[1] 1 1 4 2

[[19]]
[1] 0 1 2 2

[[20]]
[1]  1  1  3 19

[[21]]
[1]  1  1  4 36

[[22]]
[1] 1 1 2 6

[[23]]
[1] 0 1 2 2

[[24]]
[1] 1 1 1 2

[[25]]
[1] 1 1 3 2

[[26]]
[1]  1  1  4 17

[[1]]
[1] 1 1 8 7

[[2]]
[1]  2  2  5 24

[[3]]
[1]  1  1  8 32

[[4]]
[1] 1 1 1 4

[[5]]
[1] 1 1 2 3

[[6]]
[1] 1 1 3 2

[[7]]
[1]  1  1  6 25

[[8]]
[1]  1  2 10 17

[[9]]
[1]  1  1  1 18

[[10]]
[1] 1 1 1 5

[[11]]
[1]  1  1  4 16

[[12]]
[1]  1  1  1 20

[[13]]
[1] 1 1 2 2

[[14]]
[1] 1 1 9 5

[[15]]
[1] 1 1 3 5

[[16]]
[1] 1 1 2 6

[[17]]
[1] 0.0 2.0 2.0 1.5

[[18]]
[1] 1 1 4 2

[[19]]
[1] 0 1 2 2

[[20]]
[1]  1  1  3 19

[[21]]
[1]  1  1  4 36

[[22]]
[1] 1 1 2 6

[[23]]
[1] 0 1 2 2

[[24]]
[1] 1 1 1 2

[[25]]
[1] 1 1 3 2

[[26]]
[1]  1  1  4 17

[[27]]
[1] 1 1 4 3

[[1]]
[1] 1 1 8 7

[[2]]
[1]  2  2  5 24

[[3]]
[1]  1  1  8 32

[[4]]
[1] 1 1 1 4

[[5]]
[1] 1 1 2 3

[[6]]
[1] 1 1 3 2

[[7]]
[1]  1  1  6 25

[[8]]
[1]  1  2 10 17

[[9]]
[1]  1  1  1 18

[[10]]
[1] 1 1 1 5

[[11]]
[1]  1  1  4 16

[[12]]
[1]  1  1  1 20

[[13]]
[1] 1 1 2 2

[[14]]
[1] 1 1 9 5

[[15]]
[1] 1 1 3 5

[[16]]
[1] 1 1 2 6

[[17]]
[1] 0.0 2.0 2.0 1.5

[[18]]
[1] 1 1 4 2

[[19]]
[1] 0 1 2 2

[[20]]
[1]  1  1  3 19

[[21]]
[1]  1  1  4 36

[[22]]
[1] 1 1 2 6

[[23]]
[1] 0 1 2 2

[[24]]
[1] 1 1 1 2

[[25]]
[1] 1 1 3 2

[[26]]
[1]  1  1  4 17

[[27]]
[1] 1 1 4 3

[[28]]
[1] 1 1 1 8

[[1]]
[1]  1  1  2 59

[[2]]
[1]  1  1  8 56

[[3]]
[1] 0 1 9 6

[[4]]
[1]  1  2  1 30

[[5]]
[1]   1   1  10 113

[[6]]
[1]  0  1  3 51

[[7]]
[1]  1  1  1 44

[[8]]
[1]  0  1  3 24

[[9]]
[1]  1  1  6 15

[[1]]
[1] 1 1 8 7

[[2]]
[1]  2  2  5 24

[[3]]
[1]  1  1  8 32

[[4]]
[1] 1 1 1 4

[[5]]
[1] 1 1 2 3

[[6]]
[1] 1 1 3 2

[[7]]
[1]  1  1  6 25

[[8]]
[1]  1  2 10 17

[[9]]
[1]  1  1  1 18

[[10]]
[1] 1 1 1 5

[[11]]
[1]  1  1  4 16

[[12]]
[1]  1  1  1 20

[[13]]
[1] 1 1 2 2

[[14]]
[1] 1 1 9 5

[[15]]
[1] 1 1 3 5

[[16]]
[1] 1 1 2 6

[[17]]
[1] 0.0 2.0 2.0 1.5

[[18]]
[1] 1 1 4 2

[[19]]
[1] 0 1 2 2

[[20]]
[1]  1  1  3 19

[[21]]
[1]  1  1  4 36

[[22]]
[1] 1 1 2 6

[[23]]
[1] 0 1 2 2

[[24]]
[1] 1 1 1 2

[[25]]
[1] 1 1 3 2

[[26]]
[1]  1  1  4 17

[[27]]
[1] 1 1 4 3

[[28]]
[1] 1 1 1 8

[[29]]
[1] 1 1 1 2

[[1]]
[1] 1 1 8 7

[[2]]
[1]  2  2  5 24

[[3]]
[1]  1  1  8 32

[[4]]
[1] 1 1 1 4

[[5]]
[1] 1 1 2 3

[[6]]
[1] 1 1 3 2

[[7]]
[1]  1  1  6 25

[[8]]
[1]  1  2 10 17

[[9]]
[1]  1  1  1 18

[[10]]
[1] 1 1 1 5

[[11]]
[1]  1  1  4 16

[[12]]
[1]  1  1  1 20

[[13]]
[1] 1 1 2 2

[[14]]
[1] 1 1 9 5

[[15]]
[1] 1 1 3 5

[[16]]
[1] 1 1 2 6

[[17]]
[1] 0.0 2.0 2.0 1.5

[[18]]
[1] 1 1 4 2

[[19]]
[1] 0 1 2 2

[[20]]
[1]  1  1  3 19

[[21]]
[1]  1  1  4 36

[[22]]
[1] 1 1 2 6

[[23]]
[1] 0 1 2 2

[[24]]
[1] 1 1 1 2

[[25]]
[1] 1 1 3 2

[[26]]
[1]  1  1  4 17

[[27]]
[1] 1 1 4 3

[[28]]
[1] 1 1 1 8

[[29]]
[1] 1 1 1 2

[[30]]
[1] 0 1 7 4

[[1]]
[1]  1  1  2 59

[[2]]
[1]  1  1  8 56

[[3]]
[1] 0 1 9 6

[[4]]
[1]  1  2  1 30

[[5]]
[1]   1   1  10 113

[[6]]
[1]  0  1  3 51

[[7]]
[1]  1  1  1 44

[[8]]
[1]  0  1  3 24

[[9]]
[1]  1  1  6 15

[[10]]
[1]  0  1  7 11

[[1]]
[1] 1 1 8 7

[[2]]
[1]  2  2  5 24

[[3]]
[1]  1  1  8 32

[[4]]
[1] 1 1 1 4

[[5]]
[1] 1 1 2 3

[[6]]
[1] 1 1 3 2

[[7]]
[1]  1  1  6 25

[[8]]
[1]  1  2 10 17

[[9]]
[1]  1  1  1 18

[[10]]
[1] 1 1 1 5

[[11]]
[1]  1  1  4 16

[[12]]
[1]  1  1  1 20

[[13]]
[1] 1 1 2 2

[[14]]
[1] 1 1 9 5

[[15]]
[1] 1 1 3 5

[[16]]
[1] 1 1 2 6

[[17]]
[1] 0.0 2.0 2.0 1.5

[[18]]
[1] 1 1 4 2

[[19]]
[1] 0 1 2 2

[[20]]
[1]  1  1  3 19

[[21]]
[1]  1  1  4 36

[[22]]
[1] 1 1 2 6

[[23]]
[1] 0 1 2 2

[[24]]
[1] 1 1 1 2

[[25]]
[1] 1 1 3 2

[[26]]
[1]  1  1  4 17

[[27]]
[1] 1 1 4 3

[[28]]
[1] 1 1 1 8

[[29]]
[1] 1 1 1 2

[[30]]
[1] 0 1 7 4

[[31]]
[1]  1  1  1 12

[[1]]
[1]  0  1 10  1

[[2]]
[1]  1  1  7 10

[[3]]
[1]  1  1  1 22

[[4]]
[1] 1 1 1 2

[[5]]
[1]  1  1  5 27

[[6]]
[1] 0 1 9 3

[[7]]
[1] 0 1 8 4

[[8]]
[1] 1 1 4 2

[[9]]
[1]  1  1  9 47

[[10]]
[1] 1 1 4 5

[[11]]
[1] 1 1 2 4

[[12]]
[1]  1  1  1 48

[[13]]
[1] 1 1 2 9

[[14]]
[1] 1 1 1 1

[[1]]
[1] 1 1 8 7

[[2]]
[1]  2  2  5 24

[[3]]
[1]  1  1  8 32

[[4]]
[1] 1 1 1 4

[[5]]
[1] 1 1 2 3

[[6]]
[1] 1 1 3 2

[[7]]
[1]  1  1  6 25

[[8]]
[1]  1  2 10 17

[[9]]
[1]  1  1  1 18

[[10]]
[1] 1 1 1 5

[[11]]
[1]  1  1  4 16

[[12]]
[1]  1  1  1 20

[[13]]
[1] 1 1 2 2

[[14]]
[1] 1 1 9 5

[[15]]
[1] 1 1 3 5

[[16]]
[1] 1 1 2 6

[[17]]
[1] 0.0 2.0 2.0 1.5

[[18]]
[1] 1 1 4 2

[[19]]
[1] 0 1 2 2

[[20]]
[1]  1  1  3 19

[[21]]
[1]  1  1  4 36

[[22]]
[1] 1 1 2 6

[[23]]
[1] 0 1 2 2

[[24]]
[1] 1 1 1 2

[[25]]
[1] 1 1 3 2

[[26]]
[1]  1  1  4 17

[[27]]
[1] 1 1 4 3

[[28]]
[1] 1 1 1 8

[[29]]
[1] 1 1 1 2

[[30]]
[1] 0 1 7 4

[[31]]
[1]  1  1  1 12

[[32]]
[1] 1 1 7 4

[[1]]
[1] 1 1 8 7

[[2]]
[1]  2  2  5 24

[[3]]
[1]  1  1  8 32

[[4]]
[1] 1 1 1 4

[[5]]
[1] 1 1 2 3

[[6]]
[1] 1 1 3 2

[[7]]
[1]  1  1  6 25

[[8]]
[1]  1  2 10 17

[[9]]
[1]  1  1  1 18

[[10]]
[1] 1 1 1 5

[[11]]
[1]  1  1  4 16

[[12]]
[1]  1  1  1 20

[[13]]
[1] 1 1 2 2

[[14]]
[1] 1 1 9 5

[[15]]
[1] 1 1 3 5

[[16]]
[1] 1 1 2 6

[[17]]
[1] 0.0 2.0 2.0 1.5

[[18]]
[1] 1 1 4 2

[[19]]
[1] 0 1 2 2

[[20]]
[1]  1  1  3 19

[[21]]
[1]  1  1  4 36

[[22]]
[1] 1 1 2 6

[[23]]
[1] 0 1 2 2

[[24]]
[1] 1 1 1 2

[[25]]
[1] 1 1 3 2

[[26]]
[1]  1  1  4 17

[[27]]
[1] 1 1 4 3

[[28]]
[1] 1 1 1 8

[[29]]
[1] 1 1 1 2

[[30]]
[1] 0 1 7 4

[[31]]
[1]  1  1  1 12

[[32]]
[1] 1 1 7 4

[[33]]
[1]  1  1  7 13

[[1]]
[1]  0  1 10  1

[[2]]
[1]  1  1  7 10

[[3]]
[1]  1  1  1 22

[[4]]
[1] 1 1 1 2

[[5]]
[1]  1  1  5 27

[[6]]
[1] 0 1 9 3

[[7]]
[1] 0 1 8 4

[[8]]
[1] 1 1 4 2

[[9]]
[1]  1  1  9 47

[[10]]
[1] 1 1 4 5

[[11]]
[1] 1 1 2 4

[[12]]
[1]  1  1  1 48

[[13]]
[1] 1 1 2 9

[[14]]
[1] 1 1 1 1

[[15]]
[1] 1 1 2 3

[[1]]
[1]  0  1 10  1

[[2]]
[1]  1  1  7 10

[[3]]
[1]  1  1  1 22

[[4]]
[1] 1 1 1 2

[[5]]
[1]  1  1  5 27

[[6]]
[1] 0 1 9 3

[[7]]
[1] 0 1 8 4

[[8]]
[1] 1 1 4 2

[[9]]
[1]  1  1  9 47

[[10]]
[1] 1 1 4 5

[[11]]
[1] 1 1 2 4

[[12]]
[1]  1  1  1 48

[[13]]
[1] 1 1 2 9

[[14]]
[1] 1 1 1 1

[[15]]
[1] 1 1 2 3

[[16]]
[1] 1 1 2 1

[[1]]
[1]  0  1 10  1

[[2]]
[1]  1  1  7 10

[[3]]
[1]  1  1  1 22

[[4]]
[1] 1 1 1 2

[[5]]
[1]  1  1  5 27

[[6]]
[1] 0 1 9 3

[[7]]
[1] 0 1 8 4

[[8]]
[1] 1 1 4 2

[[9]]
[1]  1  1  9 47

[[10]]
[1] 1 1 4 5

[[11]]
[1] 1 1 2 4

[[12]]
[1]  1  1  1 48

[[13]]
[1] 1 1 2 9

[[14]]
[1] 1 1 1 1

[[15]]
[1] 1 1 2 3

[[16]]
[1] 1 1 2 1

[[17]]
[1]  1  1  2 54

[[1]]
[1] 0 1 3 5

[[2]]
[1]  0  1 10  1

[[3]]
[1]  1  1  4 15

[[4]]
[1] 1 1 2 7

[[5]]
[1]  1  1 10 29

[[6]]
[1]  1  1  2 21

[[1]]
[1]  0  1 10  1

[[2]]
[1]  1  1  7 10

[[3]]
[1]  1  1  1 22

[[4]]
[1] 1 1 1 2

[[5]]
[1]  1  1  5 27

[[6]]
[1] 0 1 9 3

[[7]]
[1] 0 1 8 4

[[8]]
[1] 1 1 4 2

[[9]]
[1]  1  1  9 47

[[10]]
[1] 1 1 4 5

[[11]]
[1] 1 1 2 4

[[12]]
[1]  1  1  1 48

[[13]]
[1] 1 1 2 9

[[14]]
[1] 1 1 1 1

[[15]]
[1] 1 1 2 3

[[16]]
[1] 1 1 2 1

[[17]]
[1]  1  1  2 54

[[18]]
[1] 1 1 4 9

[[1]]
[1]  1  1  2 59

[[2]]
[1]  1  1  8 56

[[3]]
[1] 0 1 9 6

[[4]]
[1]  1  2  1 30

[[5]]
[1]   1   1  10 113

[[6]]
[1]  0  1  3 51

[[7]]
[1]  1  1  1 44

[[8]]
[1]  0  1  3 24

[[9]]
[1]  1  1  6 15

[[10]]
[1]  0  1  7 11

[[11]]
[1] 0 1 2 2

[[1]]
[1]  1  1  2 59

[[2]]
[1]  1  1  8 56

[[3]]
[1] 0 1 9 6

[[4]]
[1]  1  2  1 30

[[5]]
[1]   1   1  10 113

[[6]]
[1]  0  1  3 51

[[7]]
[1]  1  1  1 44

[[8]]
[1]  0  1  3 24

[[9]]
[1]  1  1  6 15

[[10]]
[1]  0  1  7 11

[[11]]
[1] 0 1 2 2

[[12]]
[1]  0  1 10 32

[[1]]
[1] 0 1 3 5

[[2]]
[1]  0  1 10  1

[[3]]
[1]  1  1  4 15

[[4]]
[1] 1 1 2 7

[[5]]
[1]  1  1 10 29

[[6]]
[1]  1  1  2 21

[[7]]
[1] 0 1 3 2

[[1]]
[1]  1  1  2 59

[[2]]
[1]  1  1  8 56

[[3]]
[1] 0 1 9 6

[[4]]
[1]  1  2  1 30

[[5]]
[1]   1   1  10 113

[[6]]
[1]  0  1  3 51

[[7]]
[1]  1  1  1 44

[[8]]
[1]  0  1  3 24

[[9]]
[1]  1  1  6 15

[[10]]
[1]  0  1  7 11

[[11]]
[1] 0 1 2 2

[[12]]
[1]  0  1 10 32

[[13]]
[1]  1  1  9 19

[[1]]
[1] 1 1 8 7

[[2]]
[1]  2  2  5 24

[[3]]
[1]  1  1  8 32

[[4]]
[1] 1 1 1 4

[[5]]
[1] 1 1 2 3

[[6]]
[1] 1 1 3 2

[[7]]
[1]  1  1  6 25

[[8]]
[1]  1  2 10 17

[[9]]
[1]  1  1  1 18

[[10]]
[1] 1 1 1 5

[[11]]
[1]  1  1  4 16

[[12]]
[1]  1  1  1 20

[[13]]
[1] 1 1 2 2

[[14]]
[1] 1 1 9 5

[[15]]
[1] 1 1 3 5

[[16]]
[1] 1 1 2 6

[[17]]
[1] 0.0 2.0 2.0 1.5

[[18]]
[1] 1 1 4 2

[[19]]
[1] 0 1 2 2

[[20]]
[1]  1  1  3 19

[[21]]
[1]  1  1  4 36

[[22]]
[1] 1 1 2 6

[[23]]
[1] 0 1 2 2

[[24]]
[1] 1 1 1 2

[[25]]
[1] 1 1 3 2

[[26]]
[1]  1  1  4 17

[[27]]
[1] 1 1 4 3

[[28]]
[1] 1 1 1 8

[[29]]
[1] 1 1 1 2

[[30]]
[1] 0 1 7 4

[[31]]
[1]  1  1  1 12

[[32]]
[1] 1 1 7 4

[[33]]
[1]  1  1  7 13

[[34]]
[1] 1 1 2 4

[[1]]
[1]  0  1 10  1

[[2]]
[1]  1  1  7 10

[[3]]
[1]  1  1  1 22

[[4]]
[1] 1 1 1 2

[[5]]
[1]  1  1  5 27

[[6]]
[1] 0 1 9 3

[[7]]
[1] 0 1 8 4

[[8]]
[1] 1 1 4 2

[[9]]
[1]  1  1  9 47

[[10]]
[1] 1 1 4 5

[[11]]
[1] 1 1 2 4

[[12]]
[1]  1  1  1 48

[[13]]
[1] 1 1 2 9

[[14]]
[1] 1 1 1 1

[[15]]
[1] 1 1 2 3

[[16]]
[1] 1 1 2 1

[[17]]
[1]  1  1  2 54

[[18]]
[1] 1 1 4 9

[[19]]
[1]  1  1  2 47

[[1]]
[1] 1 1 8 7

[[2]]
[1]  2  2  5 24

[[3]]
[1]  1  1  8 32

[[4]]
[1] 1 1 1 4

[[5]]
[1] 1 1 2 3

[[6]]
[1] 1 1 3 2

[[7]]
[1]  1  1  6 25

[[8]]
[1]  1  2 10 17

[[9]]
[1]  1  1  1 18

[[10]]
[1] 1 1 1 5

[[11]]
[1]  1  1  4 16

[[12]]
[1]  1  1  1 20

[[13]]
[1] 1 1 2 2

[[14]]
[1] 1 1 9 5

[[15]]
[1] 1 1 3 5

[[16]]
[1] 1 1 2 6

[[17]]
[1] 0.0 2.0 2.0 1.5

[[18]]
[1] 1 1 4 2

[[19]]
[1] 0 1 2 2

[[20]]
[1]  1  1  3 19

[[21]]
[1]  1  1  4 36

[[22]]
[1] 1 1 2 6

[[23]]
[1] 0 1 2 2

[[24]]
[1] 1 1 1 2

[[25]]
[1] 1 1 3 2

[[26]]
[1]  1  1  4 17

[[27]]
[1] 1 1 4 3

[[28]]
[1] 1 1 1 8

[[29]]
[1] 1 1 1 2

[[30]]
[1] 0 1 7 4

[[31]]
[1]  1  1  1 12

[[32]]
[1] 1 1 7 4

[[33]]
[1]  1  1  7 13

[[34]]
[1] 1 1 2 4

[[35]]
[1] 1 1 3 2

[[1]]
[1]  0  1 10  1

[[2]]
[1]  1  1  7 10

[[3]]
[1]  1  1  1 22

[[4]]
[1] 1 1 1 2

[[5]]
[1]  1  1  5 27

[[6]]
[1] 0 1 9 3

[[7]]
[1] 0 1 8 4

[[8]]
[1] 1 1 4 2

[[9]]
[1]  1  1  9 47

[[10]]
[1] 1 1 4 5

[[11]]
[1] 1 1 2 4

[[12]]
[1]  1  1  1 48

[[13]]
[1] 1 1 2 9

[[14]]
[1] 1 1 1 1

[[15]]
[1] 1 1 2 3

[[16]]
[1] 1 1 2 1

[[17]]
[1]  1  1  2 54

[[18]]
[1] 1 1 4 9

[[19]]
[1]  1  1  2 47

[[20]]
[1]  0  1  3 10

[[1]]
[1] 0 1 3 5

[[2]]
[1]  0  1 10  1

[[3]]
[1]  1  1  4 15

[[4]]
[1] 1 1 2 7

[[5]]
[1]  1  1 10 29

[[6]]
[1]  1  1  2 21

[[7]]
[1] 0 1 3 2

[[8]]
[1]  0  1 10  3

[[1]]
[1]  0  1 10  1

[[2]]
[1]  1  1  7 10

[[3]]
[1]  1  1  1 22

[[4]]
[1] 1 1 1 2

[[5]]
[1]  1  1  5 27

[[6]]
[1] 0 1 9 3

[[7]]
[1] 0 1 8 4

[[8]]
[1] 1 1 4 2

[[9]]
[1]  1  1  9 47

[[10]]
[1] 1 1 4 5

[[11]]
[1] 1 1 2 4

[[12]]
[1]  1  1  1 48

[[13]]
[1] 1 1 2 9

[[14]]
[1] 1 1 1 1

[[15]]
[1] 1 1 2 3

[[16]]
[1] 1 1 2 1

[[17]]
[1]  1  1  2 54

[[18]]
[1] 1 1 4 9

[[19]]
[1]  1  1  2 47

[[20]]
[1]  0  1  3 10

[[21]]
[1]  1  1 10  4

[[1]]
[1] 1 1 8 7

[[2]]
[1]  2  2  5 24

[[3]]
[1]  1  1  8 32

[[4]]
[1] 1 1 1 4

[[5]]
[1] 1 1 2 3

[[6]]
[1] 1 1 3 2

[[7]]
[1]  1  1  6 25

[[8]]
[1]  1  2 10 17

[[9]]
[1]  1  1  1 18

[[10]]
[1] 1 1 1 5

[[11]]
[1]  1  1  4 16

[[12]]
[1]  1  1  1 20

[[13]]
[1] 1 1 2 2

[[14]]
[1] 1 1 9 5

[[15]]
[1] 1 1 3 5

[[16]]
[1] 1 1 2 6

[[17]]
[1] 0.0 2.0 2.0 1.5

[[18]]
[1] 1 1 4 2

[[19]]
[1] 0 1 2 2

[[20]]
[1]  1  1  3 19

[[21]]
[1]  1  1  4 36

[[22]]
[1] 1 1 2 6

[[23]]
[1] 0 1 2 2

[[24]]
[1] 1 1 1 2

[[25]]
[1] 1 1 3 2

[[26]]
[1]  1  1  4 17

[[27]]
[1] 1 1 4 3

[[28]]
[1] 1 1 1 8

[[29]]
[1] 1 1 1 2

[[30]]
[1] 0 1 7 4

[[31]]
[1]  1  1  1 12

[[32]]
[1] 1 1 7 4

[[33]]
[1]  1  1  7 13

[[34]]
[1] 1 1 2 4

[[35]]
[1] 1 1 3 2

[[36]]
[1] 1 2 8 7

[[1]]
[1]  0  1 10  1

[[2]]
[1]  1  1  7 10

[[3]]
[1]  1  1  1 22

[[4]]
[1] 1 1 1 2

[[5]]
[1]  1  1  5 27

[[6]]
[1] 0 1 9 3

[[7]]
[1] 0 1 8 4

[[8]]
[1] 1 1 4 2

[[9]]
[1]  1  1  9 47

[[10]]
[1] 1 1 4 5

[[11]]
[1] 1 1 2 4

[[12]]
[1]  1  1  1 48

[[13]]
[1] 1 1 2 9

[[14]]
[1] 1 1 1 1

[[15]]
[1] 1 1 2 3

[[16]]
[1] 1 1 2 1

[[17]]
[1]  1  1  2 54

[[18]]
[1] 1 1 4 9

[[19]]
[1]  1  1  2 47

[[20]]
[1]  0  1  3 10

[[21]]
[1]  1  1 10  4

[[22]]
[1] 1 1 4 5

[[1]]
[1] 1 1 8 7

[[2]]
[1]  2  2  5 24

[[3]]
[1]  1  1  8 32

[[4]]
[1] 1 1 1 4

[[5]]
[1] 1 1 2 3

[[6]]
[1] 1 1 3 2

[[7]]
[1]  1  1  6 25

[[8]]
[1]  1  2 10 17

[[9]]
[1]  1  1  1 18

[[10]]
[1] 1 1 1 5

[[11]]
[1]  1  1  4 16

[[12]]
[1]  1  1  1 20

[[13]]
[1] 1 1 2 2

[[14]]
[1] 1 1 9 5

[[15]]
[1] 1 1 3 5

[[16]]
[1] 1 1 2 6

[[17]]
[1] 0.0 2.0 2.0 1.5

[[18]]
[1] 1 1 4 2

[[19]]
[1] 0 1 2 2

[[20]]
[1]  1  1  3 19

[[21]]
[1]  1  1  4 36

[[22]]
[1] 1 1 2 6

[[23]]
[1] 0 1 2 2

[[24]]
[1] 1 1 1 2

[[25]]
[1] 1 1 3 2

[[26]]
[1]  1  1  4 17

[[27]]
[1] 1 1 4 3

[[28]]
[1] 1 1 1 8

[[29]]
[1] 1 1 1 2

[[30]]
[1] 0 1 7 4

[[31]]
[1]  1  1  1 12

[[32]]
[1] 1 1 7 4

[[33]]
[1]  1  1  7 13

[[34]]
[1] 1 1 2 4

[[35]]
[1] 1 1 3 2

[[36]]
[1] 1 2 8 7

[[37]]
[1]  1  1  7 22

[[1]]
[1]  0  1 10  1

[[2]]
[1]  1  1  7 10

[[3]]
[1]  1  1  1 22

[[4]]
[1] 1 1 1 2

[[5]]
[1]  1  1  5 27

[[6]]
[1] 0 1 9 3

[[7]]
[1] 0 1 8 4

[[8]]
[1] 1 1 4 2

[[9]]
[1]  1  1  9 47

[[10]]
[1] 1 1 4 5

[[11]]
[1] 1 1 2 4

[[12]]
[1]  1  1  1 48

[[13]]
[1] 1 1 2 9

[[14]]
[1] 1 1 1 1

[[15]]
[1] 1 1 2 3

[[16]]
[1] 1 1 2 1

[[17]]
[1]  1  1  2 54

[[18]]
[1] 1 1 4 9

[[19]]
[1]  1  1  2 47

[[20]]
[1]  0  1  3 10

[[21]]
[1]  1  1 10  4

[[22]]
[1] 1 1 4 5

[[23]]
[1] 1 1 1 3

[[1]]
[1]  1  1  3 10

[[1]]
[1]  0  1 10 39

[[1]]
[1]  1  1  3 10

[[2]]
[1] 0 1 3 4

[[1]]
[1]  0  1 10 39

[[2]]
[1]  0  1  3 21

[[1]]
[1] 1 1 8 7

[[2]]
[1]  2  2  5 24

[[3]]
[1]  1  1  8 32

[[4]]
[1] 1 1 1 4

[[5]]
[1] 1 1 2 3

[[6]]
[1] 1 1 3 2

[[7]]
[1]  1  1  6 25

[[8]]
[1]  1  2 10 17

[[9]]
[1]  1  1  1 18

[[10]]
[1] 1 1 1 5

[[11]]
[1]  1  1  4 16

[[12]]
[1]  1  1  1 20

[[13]]
[1] 1 1 2 2

[[14]]
[1] 1 1 9 5

[[15]]
[1] 1 1 3 5

[[16]]
[1] 1 1 2 6

[[17]]
[1] 0.0 2.0 2.0 1.5

[[18]]
[1] 1 1 4 2

[[19]]
[1] 0 1 2 2

[[20]]
[1]  1  1  3 19

[[21]]
[1]  1  1  4 36

[[22]]
[1] 1 1 2 6

[[23]]
[1] 0 1 2 2

[[24]]
[1] 1 1 1 2

[[25]]
[1] 1 1 3 2

[[26]]
[1]  1  1  4 17

[[27]]
[1] 1 1 4 3

[[28]]
[1] 1 1 1 8

[[29]]
[1] 1 1 1 2

[[30]]
[1] 0 1 7 4

[[31]]
[1]  1  1  1 12

[[32]]
[1] 1 1 7 4

[[33]]
[1]  1  1  7 13

[[34]]
[1] 1 1 2 4

[[35]]
[1] 1 1 3 2

[[36]]
[1] 1 2 8 7

[[37]]
[1]  1  1  7 22

[[38]]
[1] 2.0 2.0 2.0 4.5

[[1]]
[1] 1 1 8 7

[[2]]
[1]  2  2  5 24

[[3]]
[1]  1  1  8 32

[[4]]
[1] 1 1 1 4

[[5]]
[1] 1 1 2 3

[[6]]
[1] 1 1 3 2

[[7]]
[1]  1  1  6 25

[[8]]
[1]  1  2 10 17

[[9]]
[1]  1  1  1 18

[[10]]
[1] 1 1 1 5

[[11]]
[1]  1  1  4 16

[[12]]
[1]  1  1  1 20

[[13]]
[1] 1 1 2 2

[[14]]
[1] 1 1 9 5

[[15]]
[1] 1 1 3 5

[[16]]
[1] 1 1 2 6

[[17]]
[1] 0.0 2.0 2.0 1.5

[[18]]
[1] 1 1 4 2

[[19]]
[1] 0 1 2 2

[[20]]
[1]  1  1  3 19

[[21]]
[1]  1  1  4 36

[[22]]
[1] 1 1 2 6

[[23]]
[1] 0 1 2 2

[[24]]
[1] 1 1 1 2

[[25]]
[1] 1 1 3 2

[[26]]
[1]  1  1  4 17

[[27]]
[1] 1 1 4 3

[[28]]
[1] 1 1 1 8

[[29]]
[1] 1 1 1 2

[[30]]
[1] 0 1 7 4

[[31]]
[1]  1  1  1 12

[[32]]
[1] 1 1 7 4

[[33]]
[1]  1  1  7 13

[[34]]
[1] 1 1 2 4

[[35]]
[1] 1 1 3 2

[[36]]
[1] 1 2 8 7

[[37]]
[1]  1  1  7 22

[[38]]
[1] 2.0 2.0 2.0 4.5

[[39]]
[1] 1 1 9 9

[[1]]
[1] 0 1 4 2

[[1]]
[1] 1 1 8 7

[[2]]
[1]  2  2  5 24

[[3]]
[1]  1  1  8 32

[[4]]
[1] 1 1 1 4

[[5]]
[1] 1 1 2 3

[[6]]
[1] 1 1 3 2

[[7]]
[1]  1  1  6 25

[[8]]
[1]  1  2 10 17

[[9]]
[1]  1  1  1 18

[[10]]
[1] 1 1 1 5

[[11]]
[1]  1  1  4 16

[[12]]
[1]  1  1  1 20

[[13]]
[1] 1 1 2 2

[[14]]
[1] 1 1 9 5

[[15]]
[1] 1 1 3 5

[[16]]
[1] 1 1 2 6

[[17]]
[1] 0.0 2.0 2.0 1.5

[[18]]
[1] 1 1 4 2

[[19]]
[1] 0 1 2 2

[[20]]
[1]  1  1  3 19

[[21]]
[1]  1  1  4 36

[[22]]
[1] 1 1 2 6

[[23]]
[1] 0 1 2 2

[[24]]
[1] 1 1 1 2

[[25]]
[1] 1 1 3 2

[[26]]
[1]  1  1  4 17

[[27]]
[1] 1 1 4 3

[[28]]
[1] 1 1 1 8

[[29]]
[1] 1 1 1 2

[[30]]
[1] 0 1 7 4

[[31]]
[1]  1  1  1 12

[[32]]
[1] 1 1 7 4

[[33]]
[1]  1  1  7 13

[[34]]
[1] 1 1 2 4

[[35]]
[1] 1 1 3 2

[[36]]
[1] 1 2 8 7

[[37]]
[1]  1  1  7 22

[[38]]
[1] 2.0 2.0 2.0 4.5

[[39]]
[1] 1 1 9 9

[[40]]
[1] 0 1 5 9

[[1]]
[1]  0  1 10 39

[[2]]
[1]  0  1  3 21

[[3]]
[1]  1  1  4 52

[[1]]
[1]  0  1 10 39

[[2]]
[1]  0  1  3 21

[[3]]
[1]  1  1  4 52

[[4]]
[1] 0 1 7 3

[[1]]
[1]  1  1  3 10

[[2]]
[1] 0 1 3 4

[[3]]
[1]  1  1  9 40

[[1]]
[1]  1  1  3 10

[[2]]
[1] 0 1 3 4

[[3]]
[1]  1  1  9 40

[[4]]
[1]  0  1  3 54

[[1]]
[1]  0  1 10 39

[[2]]
[1]  0  1  3 21

[[3]]
[1]  1  1  4 52

[[4]]
[1] 0 1 7 3

[[5]]
[1]  0  1  1 20

[[1]]
[1]  0  1 10 39

[[2]]
[1]  0  1  3 21

[[3]]
[1]  1  1  4 52

[[4]]
[1] 0 1 7 3

[[5]]
[1]  0  1  1 20

[[6]]
[1]  1  1  2 12

[[1]]
[1] 0 1 4 2

[[2]]
[1] 0 1 3 4

[[1]]
[1]  0  1 10 39

[[2]]
[1]  0  1  3 21

[[3]]
[1]  1  1  4 52

[[4]]
[1] 0 1 7 3

[[5]]
[1]  0  1  1 20

[[6]]
[1]  1  1  2 12

[[7]]
[1]  0  1  7 26

[[1]]
[1] 1 1 1 1

[[1]]
[1] 1 1 1 1

[[2]]
[1] 1 1 5 3

[[1]]
[1] 1 1 1 1

[[2]]
[1] 1 1 5 3

[[3]]
[1]  1  1  7 28

[[1]]
[1]  0  1 10 39

[[2]]
[1]  0  1  3 21

[[3]]
[1]  1  1  4 52

[[4]]
[1] 0 1 7 3

[[5]]
[1]  0  1  1 20

[[6]]
[1]  1  1  2 12

[[7]]
[1]  0  1  7 26

[[8]]
[1]  0  1  8 10

[[1]]
[1] 1 1 1 1

[[2]]
[1] 1 1 5 3

[[3]]
[1]  1  1  7 28

[[4]]
[1] 1 1 1 5

[[1]]
[1] 0 1 4 2

[[2]]
[1] 0 1 3 4

[[3]]
[1]  1  1  2 11

[[1]]
[1] 1 1 1 1

[[2]]
[1] 1 1 5 3

[[3]]
[1]  1  1  7 28

[[4]]
[1] 1 1 1 5

[[5]]
[1]  1  1  3 17

[[1]]
[1]  0  1 10 39

[[2]]
[1]  0  1  3 21

[[3]]
[1]  1  1  4 52

[[4]]
[1] 0 1 7 3

[[5]]
[1]  0  1  1 20

[[6]]
[1]  1  1  2 12

[[7]]
[1]  0  1  7 26

[[8]]
[1]  0  1  8 10

[[9]]
[1]  0  1  1 20

[[1]]
[1] 1 1 1 1

[[2]]
[1] 1 1 5 3

[[3]]
[1]  1  1  7 28

[[4]]
[1] 1 1 1 5

[[5]]
[1]  1  1  3 17

[[6]]
[1]  2.0  2.0  9.0 36.5

[[1]]
[1]  1  1  3 10

[[2]]
[1] 0 1 3 4

[[3]]
[1]  1  1  9 40

[[4]]
[1]  0  1  3 54

[[5]]
[1]  1  1  1 43

[[1]]
[1] 1 1 1 1

[[2]]
[1] 1 1 5 3

[[3]]
[1]  1  1  7 28

[[4]]
[1] 1 1 1 5

[[5]]
[1]  1  1  3 17

[[6]]
[1]  2.0  2.0  9.0 36.5

[[7]]
[1]  1  1  2 42

[[1]]
[1] 0 1 4 2

[[2]]
[1] 0 1 3 4

[[3]]
[1]  1  1  2 11

[[4]]
[1]  1  1  2 50

[[1]]
[1]  1  1  3 10

[[2]]
[1] 0 1 3 4

[[3]]
[1]  1  1  9 40

[[4]]
[1]  0  1  3 54

[[5]]
[1]  1  1  1 43

[[6]]
[1]  0  1  4 21

[[1]]
[1]  0  1 10 39

[[2]]
[1]  0  1  3 21

[[3]]
[1]  1  1  4 52

[[4]]
[1] 0 1 7 3

[[5]]
[1]  0  1  1 20

[[6]]
[1]  1  1  2 12

[[7]]
[1]  0  1  7 26

[[8]]
[1]  0  1  8 10

[[9]]
[1]  0  1  1 20

[[10]]
[1]  0  1 10  7

[[1]]
[1]  0  1 10 39

[[2]]
[1]  0  1  3 21

[[3]]
[1]  1  1  4 52

[[4]]
[1] 0 1 7 3

[[5]]
[1]  0  1  1 20

[[6]]
[1]  1  1  2 12

[[7]]
[1]  0  1  7 26

[[8]]
[1]  0  1  8 10

[[9]]
[1]  0  1  1 20

[[10]]
[1]  0  1 10  7

[[11]]
[1] 0 1 6 8

[[1]]
[1] 1 1 1 1

[[2]]
[1] 1 1 5 3

[[3]]
[1]  1  1  7 28

[[4]]
[1] 1 1 1 5

[[5]]
[1]  1  1  3 17

[[6]]
[1]  2.0  2.0  9.0 36.5

[[7]]
[1]  1  1  2 42

[[8]]
[1] 0 1 8 8

[[1]]
[1] 0 1 4 2

[[2]]
[1] 0 1 3 4

[[3]]
[1]  1  1  2 11

[[4]]
[1]  1  1  2 50

[[5]]
[1]  1  1  4 15

[[1]]
[1] 0 1 4 2

[[2]]
[1] 0 1 3 4

[[3]]
[1]  1  1  2 11

[[4]]
[1]  1  1  2 50

[[5]]
[1]  1  1  4 15

[[6]]
[1] 0 1 4 3

[[1]]
[1] 0 1 8 8

[[1]]
[1] 1 1 1 1

[[2]]
[1] 1 1 5 3

[[3]]
[1]  1  1  7 28

[[4]]
[1] 1 1 1 5

[[5]]
[1]  1  1  3 17

[[6]]
[1]  2.0  2.0  9.0 36.5

[[7]]
[1]  1  1  2 42

[[8]]
[1] 0 1 8 8

[[9]]
[1] 1 1 9 3

[[1]]
[1] 1 1 1 1

[[2]]
[1] 1 1 5 3

[[3]]
[1]  1  1  7 28

[[4]]
[1] 1 1 1 5

[[5]]
[1]  1  1  3 17

[[6]]
[1]  2.0  2.0  9.0 36.5

[[7]]
[1]  1  1  2 42

[[8]]
[1] 0 1 8 8

[[9]]
[1] 1 1 9 3

[[10]]
[1] 0 1 5 7

[[1]]
[1] 1 1 1 6

[[1]]
[1] 1 1 1 6

[[2]]
[1]  0  1 10  2

[[1]]
[1]  0  1  2 18

[[1]]
[1] 0 1 8 8

[[2]]
[1]  1  1  5 51

[[1]]
[1] 1 1 1 6

[[2]]
[1]  0  1 10  2

[[3]]
[1]  1  1 10 13

[[1]]
[1]  0  1  2 18

[[2]]
[1]  0  1  8 15

[[1]]
[1] 1 1 1 6

[[2]]
[1]  0  1 10  2

[[3]]
[1]  1  1 10 13

[[4]]
[1]  1  1  9 12

[[1]]
[1]  0  1  2 18

[[2]]
[1]  0  1  8 15

[[3]]
[1]  0  1  1 32

[[1]]
[1] 1 1 1 6

[[2]]
[1]  0  1 10  2

[[3]]
[1]  1  1 10 13

[[4]]
[1]  1  1  9 12

[[5]]
[1] 1 1 3 2

[[1]]
[1]  0  1  2 18

[[2]]
[1]  0  1  8 15

[[3]]
[1]  0  1  1 32

[[4]]
[1]  0  1  2 25

[[1]]
[1]  0  1  2 18

[[2]]
[1]  0  1  8 15

[[3]]
[1]  0  1  1 32

[[4]]
[1]  0  1  2 25

[[5]]
[1]  1  1 10 29

[[1]]
[1] 1 1 1 6

[[2]]
[1]  0  1 10  2

[[3]]
[1]  1  1 10 13

[[4]]
[1]  1  1  9 12

[[5]]
[1] 1 1 3 2

[[6]]
[1]  1  1  1 11

[[1]]
[1]  0  1  2 18

[[2]]
[1]  0  1  8 15

[[3]]
[1]  0  1  1 32

[[4]]
[1]  0  1  2 25

[[5]]
[1]  1  1 10 29

[[6]]
[1] 0 1 8 9

[[1]]
[1] 1 1 1 6

[[2]]
[1]  0  1 10  2

[[3]]
[1]  1  1 10 13

[[4]]
[1]  1  1  9 12

[[5]]
[1] 1 1 3 2

[[6]]
[1]  1  1  1 11

[[7]]
[1]  1  1  5 16

[[1]]
[1] 1 1 1 5

[[1]]
[1] 0 1 8 8

[[2]]
[1]  1  1  5 51

[[3]]
[1] 0 1 9 1

[[1]]
[1]  0  1  2 18

[[2]]
[1]  0  1  8 15

[[3]]
[1]  0  1  1 32

[[4]]
[1]  0  1  2 25

[[5]]
[1]  1  1 10 29

[[6]]
[1] 0 1 8 9

[[7]]
[1]  0  1  4 35

[[1]]
[1] 0 1 8 8

[[2]]
[1]  1  1  5 51

[[3]]
[1] 0 1 9 1

[[4]]
[1]  0  1 10  1

[[1]]
[1] 0 1 8 8

[[2]]
[1]  1  1  5 51

[[3]]
[1] 0 1 9 1

[[4]]
[1]  0  1 10  1

[[5]]
[1] 0 1 3 8

[[1]]
[1]  0  1  2 18

[[2]]
[1]  0  1  8 15

[[3]]
[1]  0  1  1 32

[[4]]
[1]  0  1  2 25

[[5]]
[1]  1  1 10 29

[[6]]
[1] 0 1 8 9

[[7]]
[1]  0  1  4 35

[[8]]
[1]  0  1  1 61

[[1]]
[1]  0  1  2 18

[[2]]
[1]  0  1  8 15

[[3]]
[1]  0  1  1 32

[[4]]
[1]  0  1  2 25

[[5]]
[1]  1  1 10 29

[[6]]
[1] 0 1 8 9

[[7]]
[1]  0  1  4 35

[[8]]
[1]  0  1  1 61

[[9]]
[1] 0 1 7 3

[[1]]
[1] 1 1 1 6

[[2]]
[1]  0  1 10  2

[[3]]
[1]  1  1 10 13

[[4]]
[1]  1  1  9 12

[[5]]
[1] 1 1 3 2

[[6]]
[1]  1  1  1 11

[[7]]
[1]  1  1  5 16

[[8]]
[1]  1  1  4 41

[[1]]
[1]  0  1 10  7

[[1]]
[1]  0  1 10  7

[[2]]
[1]  1  1  3 17

[[1]]
[1]  1  1  4 32

[[1]]
[1]  1  1  4 32

[[2]]
[1] 1 1 4 7

[[1]]
[1]  0  1  9 24

[[1]]
[1]  0  1  9 24

[[2]]
[1]  0  1  7 59

[[1]]
[1]  0  1 10  7

[[2]]
[1]  1  1  3 17

[[3]]
[1]  1  1  1 35

[[1]]
[1]  0  1 10  7

[[2]]
[1]  1  1  3 17

[[3]]
[1]  1  1  1 35

[[4]]
[1] 1 1 1 2

[[1]]
[1]  1  1  4 32

[[2]]
[1] 1 1 4 7

[[3]]
[1] 0 1 3 2

[[1]]
[1] 1 2 2 4

[[1]]
[1] 1 2 2 4

[[2]]
[1]  0  1 10  1

[[1]]
[1]  0  1  9 24

[[2]]
[1]  0  1  7 59

[[3]]
[1] 0 1 3 4

[[1]]
[1] 1 2 2 4

[[2]]
[1]  0  1 10  1

[[3]]
[1]  1  1  1 23

[[1]]
[1] 1 2 2 4

[[2]]
[1]  0  1 10  1

[[3]]
[1]  1  1  1 23

[[4]]
[1] 0 1 5 4

[[1]]
[1] 1 2 2 4

[[2]]
[1]  0  1 10  1

[[3]]
[1]  1  1  1 23

[[4]]
[1] 0 1 5 4

[[5]]
[1] 1 1 2 4

[[1]]
[1]  0  1 10  7

[[2]]
[1]  1  1  3 17

[[3]]
[1]  1  1  1 35

[[4]]
[1] 1 1 1 2

[[5]]
[1] 0 1 6 6

[[1]]
[1]  0  1 10  7

[[2]]
[1]  1  1  3 17

[[3]]
[1]  1  1  1 35

[[4]]
[1] 1 1 1 2

[[5]]
[1] 0 1 6 6

[[6]]
[1]  1  1 10 34

[[1]]
[1]  0  1  9 24

[[2]]
[1]  0  1  7 59

[[3]]
[1] 0 1 3 4

[[4]]
[1]  0  1  5 12

[[1]]
[1] 1 2 2 4

[[2]]
[1]  0  1 10  1

[[3]]
[1]  1  1  1 23

[[4]]
[1] 0 1 5 4

[[5]]
[1] 1 1 2 4

[[6]]
[1]  1  1  7 13

[[1]]
[1]  0  1  9 24

[[2]]
[1]  0  1  7 59

[[3]]
[1] 0 1 3 4

[[4]]
[1]  0  1  5 12

[[5]]
[1] 0 1 9 2

[[1]]
[1] 1 2 2 4

[[2]]
[1]  0  1 10  1

[[3]]
[1]  1  1  1 23

[[4]]
[1] 0 1 5 4

[[5]]
[1] 1 1 2 4

[[6]]
[1]  1  1  7 13

[[7]]
[1] 1 1 4 5

[[1]]
[1] 1 2 2 4

[[2]]
[1]  0  1 10  1

[[3]]
[1]  1  1  1 23

[[4]]
[1] 0 1 5 4

[[5]]
[1] 1 1 2 4

[[6]]
[1]  1  1  7 13

[[7]]
[1] 1 1 4 5

[[8]]
[1] 1 1 1 1

[[1]]
[1] 1 2 2 4

[[2]]
[1]  0  1 10  1

[[3]]
[1]  1  1  1 23

[[4]]
[1] 0 1 5 4

[[5]]
[1] 1 1 2 4

[[6]]
[1]  1  1  7 13

[[7]]
[1] 1 1 4 5

[[8]]
[1] 1 1 1 1

[[9]]
[1] 0 1 2 1

[[1]]
[1]  0  1 10  7

[[2]]
[1]  1  1  3 17

[[3]]
[1]  1  1  1 35

[[4]]
[1] 1 1 1 2

[[5]]
[1] 0 1 6 6

[[6]]
[1]  1  1 10 34

[[7]]
[1] 1 1 1 5

[[1]]
[1] 1 2 2 4

[[2]]
[1]  0  1 10  1

[[3]]
[1]  1  1  1 23

[[4]]
[1] 0 1 5 4

[[5]]
[1] 1 1 2 4

[[6]]
[1]  1  1  7 13

[[7]]
[1] 1 1 4 5

[[8]]
[1] 1 1 1 1

[[9]]
[1] 0 1 2 1

[[10]]
[1] 1 1 6 8

[[1]]
[1]  1  1  4 32

[[2]]
[1] 1 1 4 7

[[3]]
[1] 0 1 3 2

[[4]]
[1] 1 1 1 9

[[1]]
[1] 1 2 2 4

[[2]]
[1]  0  1 10  1

[[3]]
[1]  1  1  1 23

[[4]]
[1] 0 1 5 4

[[5]]
[1] 1 1 2 4

[[6]]
[1]  1  1  7 13

[[7]]
[1] 1 1 4 5

[[8]]
[1] 1 1 1 1

[[9]]
[1] 0 1 2 1

[[10]]
[1] 1 1 6 8

[[11]]
[1] 1 1 5 1

[[1]]
[1]  0  1 10  7

[[2]]
[1]  1  1  3 17

[[3]]
[1]  1  1  1 35

[[4]]
[1] 1 1 1 2

[[5]]
[1] 0 1 6 6

[[6]]
[1]  1  1 10 34

[[7]]
[1] 1 1 1 5

[[8]]
[1]  1  1  6 28

[[1]]
[1] 1 2 2 4

[[2]]
[1]  0  1 10  1

[[3]]
[1]  1  1  1 23

[[4]]
[1] 0 1 5 4

[[5]]
[1] 1 1 2 4

[[6]]
[1]  1  1  7 13

[[7]]
[1] 1 1 4 5

[[8]]
[1] 1 1 1 1

[[9]]
[1] 0 1 2 1

[[10]]
[1] 1 1 6 8

[[11]]
[1] 1 1 5 1

[[12]]
[1] 1 1 3 1

[[1]]
[1]  0  1 10  7

[[2]]
[1]  1  1  3 17

[[3]]
[1]  1  1  1 35

[[4]]
[1] 1 1 1 2

[[5]]
[1] 0 1 6 6

[[6]]
[1]  1  1 10 34

[[7]]
[1] 1 1 1 5

[[8]]
[1]  1  1  6 28

[[9]]
[1]  1  1  1 32

[[1]]
[1]  0  1  9 24

[[2]]
[1]  0  1  7 59

[[3]]
[1] 0 1 3 4

[[4]]
[1]  0  1  5 12

[[5]]
[1] 0 1 9 2

[[6]]
[1]  0  1  2 16

[[1]]
[1] 1 2 2 4

[[2]]
[1]  0  1 10  1

[[3]]
[1]  1  1  1 23

[[4]]
[1] 0 1 5 4

[[5]]
[1] 1 1 2 4

[[6]]
[1]  1  1  7 13

[[7]]
[1] 1 1 4 5

[[8]]
[1] 1 1 1 1

[[9]]
[1] 0 1 2 1

[[10]]
[1] 1 1 6 8

[[11]]
[1] 1 1 5 1

[[12]]
[1] 1 1 3 1

[[13]]
[1]  2  2  2 36

[[1]]
[1] 1 2 2 4

[[2]]
[1]  0  1 10  1

[[3]]
[1]  1  1  1 23

[[4]]
[1] 0 1 5 4

[[5]]
[1] 1 1 2 4

[[6]]
[1]  1  1  7 13

[[7]]
[1] 1 1 4 5

[[8]]
[1] 1 1 1 1

[[9]]
[1] 0 1 2 1

[[10]]
[1] 1 1 6 8

[[11]]
[1] 1 1 5 1

[[12]]
[1] 1 1 3 1

[[13]]
[1]  2  2  2 36

[[14]]
[1] 1 1 7 9

[[1]]
[1] 1 2 2 4

[[2]]
[1]  0  1 10  1

[[3]]
[1]  1  1  1 23

[[4]]
[1] 0 1 5 4

[[5]]
[1] 1 1 2 4

[[6]]
[1]  1  1  7 13

[[7]]
[1] 1 1 4 5

[[8]]
[1] 1 1 1 1

[[9]]
[1] 0 1 2 1

[[10]]
[1] 1 1 6 8

[[11]]
[1] 1 1 5 1

[[12]]
[1] 1 1 3 1

[[13]]
[1]  2  2  2 36

[[14]]
[1] 1 1 7 9

[[15]]
[1]  0  1  4 11

[[1]]
[1]  0  1 10  7

[[2]]
[1]  1  1  3 17

[[3]]
[1]  1  1  1 35

[[4]]
[1] 1 1 1 2

[[5]]
[1] 0 1 6 6

[[6]]
[1]  1  1 10 34

[[7]]
[1] 1 1 1 5

[[8]]
[1]  1  1  6 28

[[9]]
[1]  1  1  1 32

[[10]]
[1] 1 1 2 7

[[1]]
[1] 1 2 2 4

[[2]]
[1]  0  1 10  1

[[3]]
[1]  1  1  1 23

[[4]]
[1] 0 1 5 4

[[5]]
[1] 1 1 2 4

[[6]]
[1]  1  1  7 13

[[7]]
[1] 1 1 4 5

[[8]]
[1] 1 1 1 1

[[9]]
[1] 0 1 2 1

[[10]]
[1] 1 1 6 8

[[11]]
[1] 1 1 5 1

[[12]]
[1] 1 1 3 1

[[13]]
[1]  2  2  2 36

[[14]]
[1] 1 1 7 9

[[15]]
[1]  0  1  4 11

[[16]]
[1]  1  1  2 36

[[1]]
[1]  1  1  4 32

[[2]]
[1] 1 1 4 7

[[3]]
[1] 0 1 3 2

[[4]]
[1] 1 1 1 9

[[5]]
[1] 1 1 1 6

[[1]]
[1] 1 2 2 4

[[2]]
[1]  0  1 10  1

[[3]]
[1]  1  1  1 23

[[4]]
[1] 0 1 5 4

[[5]]
[1] 1 1 2 4

[[6]]
[1]  1  1  7 13

[[7]]
[1] 1 1 4 5

[[8]]
[1] 1 1 1 1

[[9]]
[1] 0 1 2 1

[[10]]
[1] 1 1 6 8

[[11]]
[1] 1 1 5 1

[[12]]
[1] 1 1 3 1

[[13]]
[1]  2  2  2 36

[[14]]
[1] 1 1 7 9

[[15]]
[1]  0  1  4 11

[[16]]
[1]  1  1  2 36

[[17]]
[1] 1 1 1 3

[[1]]
[1] 1 2 2 4

[[2]]
[1]  0  1 10  1

[[3]]
[1]  1  1  1 23

[[4]]
[1] 0 1 5 4

[[5]]
[1] 1 1 2 4

[[6]]
[1]  1  1  7 13

[[7]]
[1] 1 1 4 5

[[8]]
[1] 1 1 1 1

[[9]]
[1] 0 1 2 1

[[10]]
[1] 1 1 6 8

[[11]]
[1] 1 1 5 1

[[12]]
[1] 1 1 3 1

[[13]]
[1]  2  2  2 36

[[14]]
[1] 1 1 7 9

[[15]]
[1]  0  1  4 11

[[16]]
[1]  1  1  2 36

[[17]]
[1] 1 1 1 3

[[18]]
[1]  1  1 10 26

[[1]]
[1] 1 2 2 4

[[2]]
[1]  0  1 10  1

[[3]]
[1]  1  1  1 23

[[4]]
[1] 0 1 5 4

[[5]]
[1] 1 1 2 4

[[6]]
[1]  1  1  7 13

[[7]]
[1] 1 1 4 5

[[8]]
[1] 1 1 1 1

[[9]]
[1] 0 1 2 1

[[10]]
[1] 1 1 6 8

[[11]]
[1] 1 1 5 1

[[12]]
[1] 1 1 3 1

[[13]]
[1]  2  2  2 36

[[14]]
[1] 1 1 7 9

[[15]]
[1]  0  1  4 11

[[16]]
[1]  1  1  2 36

[[17]]
[1] 1 1 1 3

[[18]]
[1]  1  1 10 26

[[19]]
[1] 1 1 1 3

[[1]]
[1]  0  1 10  7

[[2]]
[1]  1  1  3 17

[[3]]
[1]  1  1  1 35

[[4]]
[1] 1 1 1 2

[[5]]
[1] 0 1 6 6

[[6]]
[1]  1  1 10 34

[[7]]
[1] 1 1 1 5

[[8]]
[1]  1  1  6 28

[[9]]
[1]  1  1  1 32

[[10]]
[1] 1 1 2 7

[[11]]
[1]  1  1  4 13

[[1]]
[1] 1 2 2 4

[[2]]
[1]  0  1 10  1

[[3]]
[1]  1  1  1 23

[[4]]
[1] 0 1 5 4

[[5]]
[1] 1 1 2 4

[[6]]
[1]  1  1  7 13

[[7]]
[1] 1 1 4 5

[[8]]
[1] 1 1 1 1

[[9]]
[1] 0 1 2 1

[[10]]
[1] 1 1 6 8

[[11]]
[1] 1 1 5 1

[[12]]
[1] 1 1 3 1

[[13]]
[1]  2  2  2 36

[[14]]
[1] 1 1 7 9

[[15]]
[1]  0  1  4 11

[[16]]
[1]  1  1  2 36

[[17]]
[1] 1 1 1 3

[[18]]
[1]  1  1 10 26

[[19]]
[1] 1 1 1 3

[[20]]
[1] 1 1 9 3

[[1]]
[1] 1 2 2 4

[[2]]
[1]  0  1 10  1

[[3]]
[1]  1  1  1 23

[[4]]
[1] 0 1 5 4

[[5]]
[1] 1 1 2 4

[[6]]
[1]  1  1  7 13

[[7]]
[1] 1 1 4 5

[[8]]
[1] 1 1 1 1

[[9]]
[1] 0 1 2 1

[[10]]
[1] 1 1 6 8

[[11]]
[1] 1 1 5 1

[[12]]
[1] 1 1 3 1

[[13]]
[1]  2  2  2 36

[[14]]
[1] 1 1 7 9

[[15]]
[1]  0  1  4 11

[[16]]
[1]  1  1  2 36

[[17]]
[1] 1 1 1 3

[[18]]
[1]  1  1 10 26

[[19]]
[1] 1 1 1 3

[[20]]
[1] 1 1 9 3

[[21]]
[1] 1 1 5 1

[[1]]
[1]  1  1  4 32

[[2]]
[1] 1 1 4 7

[[3]]
[1] 0 1 3 2

[[4]]
[1] 1 1 1 9

[[5]]
[1] 1 1 1 6

[[6]]
[1]  0  1 10  5

[[1]]
[1] 1 2 2 4

[[2]]
[1]  0  1 10  1

[[3]]
[1]  1  1  1 23

[[4]]
[1] 0 1 5 4

[[5]]
[1] 1 1 2 4

[[6]]
[1]  1  1  7 13

[[7]]
[1] 1 1 4 5

[[8]]
[1] 1 1 1 1

[[9]]
[1] 0 1 2 1

[[10]]
[1] 1 1 6 8

[[11]]
[1] 1 1 5 1

[[12]]
[1] 1 1 3 1

[[13]]
[1]  2  2  2 36

[[14]]
[1] 1 1 7 9

[[15]]
[1]  0  1  4 11

[[16]]
[1]  1  1  2 36

[[17]]
[1] 1 1 1 3

[[18]]
[1]  1  1 10 26

[[19]]
[1] 1 1 1 3

[[20]]
[1] 1 1 9 3

[[21]]
[1] 1 1 5 1

[[22]]
[1]  1  1  2 16

[[1]]
[1]  0  1 10  7

[[2]]
[1]  1  1  3 17

[[3]]
[1]  1  1  1 35

[[4]]
[1] 1 1 1 2

[[5]]
[1] 0 1 6 6

[[6]]
[1]  1  1 10 34

[[7]]
[1] 1 1 1 5

[[8]]
[1]  1  1  6 28

[[9]]
[1]  1  1  1 32

[[10]]
[1] 1 1 2 7

[[11]]
[1]  1  1  4 13

[[12]]
[1]  0  2  8 13

[[1]]
[1] 1 2 2 4

[[2]]
[1]  0  1 10  1

[[3]]
[1]  1  1  1 23

[[4]]
[1] 0 1 5 4

[[5]]
[1] 1 1 2 4

[[6]]
[1]  1  1  7 13

[[7]]
[1] 1 1 4 5

[[8]]
[1] 1 1 1 1

[[9]]
[1] 0 1 2 1

[[10]]
[1] 1 1 6 8

[[11]]
[1] 1 1 5 1

[[12]]
[1] 1 1 3 1

[[13]]
[1]  2  2  2 36

[[14]]
[1] 1 1 7 9

[[15]]
[1]  0  1  4 11

[[16]]
[1]  1  1  2 36

[[17]]
[1] 1 1 1 3

[[18]]
[1]  1  1 10 26

[[19]]
[1] 1 1 1 3

[[20]]
[1] 1 1 9 3

[[21]]
[1] 1 1 5 1

[[22]]
[1]  1  1  2 16

[[23]]
[1]  1  1  2 10

[[1]]
[1] 1 2 2 4

[[2]]
[1]  0  1 10  1

[[3]]
[1]  1  1  1 23

[[4]]
[1] 0 1 5 4

[[5]]
[1] 1 1 2 4

[[6]]
[1]  1  1  7 13

[[7]]
[1] 1 1 4 5

[[8]]
[1] 1 1 1 1

[[9]]
[1] 0 1 2 1

[[10]]
[1] 1 1 6 8

[[11]]
[1] 1 1 5 1

[[12]]
[1] 1 1 3 1

[[13]]
[1]  2  2  2 36

[[14]]
[1] 1 1 7 9

[[15]]
[1]  0  1  4 11

[[16]]
[1]  1  1  2 36

[[17]]
[1] 1 1 1 3

[[18]]
[1]  1  1 10 26

[[19]]
[1] 1 1 1 3

[[20]]
[1] 1 1 9 3

[[21]]
[1] 1 1 5 1

[[22]]
[1]  1  1  2 16

[[23]]
[1]  1  1  2 10

[[24]]
[1]  1  1  6 48

[[1]]
[1]  0  1  9 24

[[2]]
[1]  0  1  7 59

[[3]]
[1] 0 1 3 4

[[4]]
[1]  0  1  5 12

[[5]]
[1] 0 1 9 2

[[6]]
[1]  0  1  2 16

[[7]]
[1] 0 1 8 1

[[1]]
[1] 1 2 2 4

[[2]]
[1]  0  1 10  1

[[3]]
[1]  1  1  1 23

[[4]]
[1] 0 1 5 4

[[5]]
[1] 1 1 2 4

[[6]]
[1]  1  1  7 13

[[7]]
[1] 1 1 4 5

[[8]]
[1] 1 1 1 1

[[9]]
[1] 0 1 2 1

[[10]]
[1] 1 1 6 8

[[11]]
[1] 1 1 5 1

[[12]]
[1] 1 1 3 1

[[13]]
[1]  2  2  2 36

[[14]]
[1] 1 1 7 9

[[15]]
[1]  0  1  4 11

[[16]]
[1]  1  1  2 36

[[17]]
[1] 1 1 1 3

[[18]]
[1]  1  1 10 26

[[19]]
[1] 1 1 1 3

[[20]]
[1] 1 1 9 3

[[21]]
[1] 1 1 5 1

[[22]]
[1]  1  1  2 16

[[23]]
[1]  1  1  2 10

[[24]]
[1]  1  1  6 48

[[25]]
[1] 1 1 2 1

[[1]]
[1] 1 2 2 4

[[2]]
[1]  0  1 10  1

[[3]]
[1]  1  1  1 23

[[4]]
[1] 0 1 5 4

[[5]]
[1] 1 1 2 4

[[6]]
[1]  1  1  7 13

[[7]]
[1] 1 1 4 5

[[8]]
[1] 1 1 1 1

[[9]]
[1] 0 1 2 1

[[10]]
[1] 1 1 6 8

[[11]]
[1] 1 1 5 1

[[12]]
[1] 1 1 3 1

[[13]]
[1]  2  2  2 36

[[14]]
[1] 1 1 7 9

[[15]]
[1]  0  1  4 11

[[16]]
[1]  1  1  2 36

[[17]]
[1] 1 1 1 3

[[18]]
[1]  1  1 10 26

[[19]]
[1] 1 1 1 3

[[20]]
[1] 1 1 9 3

[[21]]
[1] 1 1 5 1

[[22]]
[1]  1  1  2 16

[[23]]
[1]  1  1  2 10

[[24]]
[1]  1  1  6 48

[[25]]
[1] 1 1 2 1

[[26]]
[1] 1 1 5 3

[[1]]
[1]  0  1 10  7

[[2]]
[1]  1  1  3 17

[[3]]
[1]  1  1  1 35

[[4]]
[1] 1 1 1 2

[[5]]
[1] 0 1 6 6

[[6]]
[1]  1  1 10 34

[[7]]
[1] 1 1 1 5

[[8]]
[1]  1  1  6 28

[[9]]
[1]  1  1  1 32

[[10]]
[1] 1 1 2 7

[[11]]
[1]  1  1  4 13

[[12]]
[1]  0  2  8 13

[[13]]
[1] 1 1 2 6

[[1]]
[1]  1  1  4 32

[[2]]
[1] 1 1 4 7

[[3]]
[1] 0 1 3 2

[[4]]
[1] 1 1 1 9

[[5]]
[1] 1 1 1 6

[[6]]
[1]  0  1 10  5

[[7]]
[1]  1  1  2 62

[[1]]
[1] 1 2 2 4

[[2]]
[1]  0  1 10  1

[[3]]
[1]  1  1  1 23

[[4]]
[1] 0 1 5 4

[[5]]
[1] 1 1 2 4

[[6]]
[1]  1  1  7 13

[[7]]
[1] 1 1 4 5

[[8]]
[1] 1 1 1 1

[[9]]
[1] 0 1 2 1

[[10]]
[1] 1 1 6 8

[[11]]
[1] 1 1 5 1

[[12]]
[1] 1 1 3 1

[[13]]
[1]  2  2  2 36

[[14]]
[1] 1 1 7 9

[[15]]
[1]  0  1  4 11

[[16]]
[1]  1  1  2 36

[[17]]
[1] 1 1 1 3

[[18]]
[1]  1  1 10 26

[[19]]
[1] 1 1 1 3

[[20]]
[1] 1 1 9 3

[[21]]
[1] 1 1 5 1

[[22]]
[1]  1  1  2 16

[[23]]
[1]  1  1  2 10

[[24]]
[1]  1  1  6 48

[[25]]
[1] 1 1 2 1

[[26]]
[1] 1 1 5 3

[[27]]
[1] 1 1 6 8

[[1]]
[1] 1 2 2 4

[[2]]
[1]  0  1 10  1

[[3]]
[1]  1  1  1 23

[[4]]
[1] 0 1 5 4

[[5]]
[1] 1 1 2 4

[[6]]
[1]  1  1  7 13

[[7]]
[1] 1 1 4 5

[[8]]
[1] 1 1 1 1

[[9]]
[1] 0 1 2 1

[[10]]
[1] 1 1 6 8

[[11]]
[1] 1 1 5 1

[[12]]
[1] 1 1 3 1

[[13]]
[1]  2  2  2 36

[[14]]
[1] 1 1 7 9

[[15]]
[1]  0  1  4 11

[[16]]
[1]  1  1  2 36

[[17]]
[1] 1 1 1 3

[[18]]
[1]  1  1 10 26

[[19]]
[1] 1 1 1 3

[[20]]
[1] 1 1 9 3

[[21]]
[1] 1 1 5 1

[[22]]
[1]  1  1  2 16

[[23]]
[1]  1  1  2 10

[[24]]
[1]  1  1  6 48

[[25]]
[1] 1 1 2 1

[[26]]
[1] 1 1 5 3

[[27]]
[1] 1 1 6 8

[[28]]
[1]  1  2  3 31

[[1]]
[1]  0  1 10  7

[[2]]
[1]  1  1  3 17

[[3]]
[1]  1  1  1 35

[[4]]
[1] 1 1 1 2

[[5]]
[1] 0 1 6 6

[[6]]
[1]  1  1 10 34

[[7]]
[1] 1 1 1 5

[[8]]
[1]  1  1  6 28

[[9]]
[1]  1  1  1 32

[[10]]
[1] 1 1 2 7

[[11]]
[1]  1  1  4 13

[[12]]
[1]  0  2  8 13

[[13]]
[1] 1 1 2 6

[[14]]
[1]  1  1  7 22

[[1]]
[1] 1 2 2 4

[[2]]
[1]  0  1 10  1

[[3]]
[1]  1  1  1 23

[[4]]
[1] 0 1 5 4

[[5]]
[1] 1 1 2 4

[[6]]
[1]  1  1  7 13

[[7]]
[1] 1 1 4 5

[[8]]
[1] 1 1 1 1

[[9]]
[1] 0 1 2 1

[[10]]
[1] 1 1 6 8

[[11]]
[1] 1 1 5 1

[[12]]
[1] 1 1 3 1

[[13]]
[1]  2  2  2 36

[[14]]
[1] 1 1 7 9

[[15]]
[1]  0  1  4 11

[[16]]
[1]  1  1  2 36

[[17]]
[1] 1 1 1 3

[[18]]
[1]  1  1 10 26

[[19]]
[1] 1 1 1 3

[[20]]
[1] 1 1 9 3

[[21]]
[1] 1 1 5 1

[[22]]
[1]  1  1  2 16

[[23]]
[1]  1  1  2 10

[[24]]
[1]  1  1  6 48

[[25]]
[1] 1 1 2 1

[[26]]
[1] 1 1 5 3

[[27]]
[1] 1 1 6 8

[[28]]
[1]  1  2  3 31

[[29]]
[1] 1 1 1 2

[[1]]
[1]  0  1  9 24

[[2]]
[1]  0  1  7 59

[[3]]
[1] 0 1 3 4

[[4]]
[1]  0  1  5 12

[[5]]
[1] 0 1 9 2

[[6]]
[1]  0  1  2 16

[[7]]
[1] 0 1 8 1

[[8]]
[1]  0  1  5 10

[[1]]
[1] 1 2 2 4

[[2]]
[1]  0  1 10  1

[[3]]
[1]  1  1  1 23

[[4]]
[1] 0 1 5 4

[[5]]
[1] 1 1 2 4

[[6]]
[1]  1  1  7 13

[[7]]
[1] 1 1 4 5

[[8]]
[1] 1 1 1 1

[[9]]
[1] 0 1 2 1

[[10]]
[1] 1 1 6 8

[[11]]
[1] 1 1 5 1

[[12]]
[1] 1 1 3 1

[[13]]
[1]  2  2  2 36

[[14]]
[1] 1 1 7 9

[[15]]
[1]  0  1  4 11

[[16]]
[1]  1  1  2 36

[[17]]
[1] 1 1 1 3

[[18]]
[1]  1  1 10 26

[[19]]
[1] 1 1 1 3

[[20]]
[1] 1 1 9 3

[[21]]
[1] 1 1 5 1

[[22]]
[1]  1  1  2 16

[[23]]
[1]  1  1  2 10

[[24]]
[1]  1  1  6 48

[[25]]
[1] 1 1 2 1

[[26]]
[1] 1 1 5 3

[[27]]
[1] 1 1 6 8

[[28]]
[1]  1  2  3 31

[[29]]
[1] 1 1 1 2

[[30]]
[1]  1  1  4 12

[[1]]
[1] 1 2 2 4

[[2]]
[1]  0  1 10  1

[[3]]
[1]  1  1  1 23

[[4]]
[1] 0 1 5 4

[[5]]
[1] 1 1 2 4

[[6]]
[1]  1  1  7 13

[[7]]
[1] 1 1 4 5

[[8]]
[1] 1 1 1 1

[[9]]
[1] 0 1 2 1

[[10]]
[1] 1 1 6 8

[[11]]
[1] 1 1 5 1

[[12]]
[1] 1 1 3 1

[[13]]
[1]  2  2  2 36

[[14]]
[1] 1 1 7 9

[[15]]
[1]  0  1  4 11

[[16]]
[1]  1  1  2 36

[[17]]
[1] 1 1 1 3

[[18]]
[1]  1  1 10 26

[[19]]
[1] 1 1 1 3

[[20]]
[1] 1 1 9 3

[[21]]
[1] 1 1 5 1

[[22]]
[1]  1  1  2 16

[[23]]
[1]  1  1  2 10

[[24]]
[1]  1  1  6 48

[[25]]
[1] 1 1 2 1

[[26]]
[1] 1 1 5 3

[[27]]
[1] 1 1 6 8

[[28]]
[1]  1  2  3 31

[[29]]
[1] 1 1 1 2

[[30]]
[1]  1  1  4 12

[[31]]
[1] 2.0 2.0 2.0 2.5

[[1]]
[1]  0  1  9 24

[[2]]
[1]  0  1  7 59

[[3]]
[1] 0 1 3 4

[[4]]
[1]  0  1  5 12

[[5]]
[1] 0 1 9 2

[[6]]
[1]  0  1  2 16

[[7]]
[1] 0 1 8 1

[[8]]
[1]  0  1  5 10

[[9]]
[1]  0  1 10  1

[[1]]
[1] 1 2 2 4

[[2]]
[1]  0  1 10  1

[[3]]
[1]  1  1  1 23

[[4]]
[1] 0 1 5 4

[[5]]
[1] 1 1 2 4

[[6]]
[1]  1  1  7 13

[[7]]
[1] 1 1 4 5

[[8]]
[1] 1 1 1 1

[[9]]
[1] 0 1 2 1

[[10]]
[1] 1 1 6 8

[[11]]
[1] 1 1 5 1

[[12]]
[1] 1 1 3 1

[[13]]
[1]  2  2  2 36

[[14]]
[1] 1 1 7 9

[[15]]
[1]  0  1  4 11

[[16]]
[1]  1  1  2 36

[[17]]
[1] 1 1 1 3

[[18]]
[1]  1  1 10 26

[[19]]
[1] 1 1 1 3

[[20]]
[1] 1 1 9 3

[[21]]
[1] 1 1 5 1

[[22]]
[1]  1  1  2 16

[[23]]
[1]  1  1  2 10

[[24]]
[1]  1  1  6 48

[[25]]
[1] 1 1 2 1

[[26]]
[1] 1 1 5 3

[[27]]
[1] 1 1 6 8

[[28]]
[1]  1  2  3 31

[[29]]
[1] 1 1 1 2

[[30]]
[1]  1  1  4 12

[[31]]
[1] 2.0 2.0 2.0 2.5

[[32]]
[1] 1 1 4 2

[[1]]
[1]  0  1  9 24

[[2]]
[1]  0  1  7 59

[[3]]
[1] 0 1 3 4

[[4]]
[1]  0  1  5 12

[[5]]
[1] 0 1 9 2

[[6]]
[1]  0  1  2 16

[[7]]
[1] 0 1 8 1

[[8]]
[1]  0  1  5 10

[[9]]
[1]  0  1 10  1

[[10]]
[1]  0  1  8 13

[[1]]
[1] 1 2 2 4

[[2]]
[1]  0  1 10  1

[[3]]
[1]  1  1  1 23

[[4]]
[1] 0 1 5 4

[[5]]
[1] 1 1 2 4

[[6]]
[1]  1  1  7 13

[[7]]
[1] 1 1 4 5

[[8]]
[1] 1 1 1 1

[[9]]
[1] 0 1 2 1

[[10]]
[1] 1 1 6 8

[[11]]
[1] 1 1 5 1

[[12]]
[1] 1 1 3 1

[[13]]
[1]  2  2  2 36

[[14]]
[1] 1 1 7 9

[[15]]
[1]  0  1  4 11

[[16]]
[1]  1  1  2 36

[[17]]
[1] 1 1 1 3

[[18]]
[1]  1  1 10 26

[[19]]
[1] 1 1 1 3

[[20]]
[1] 1 1 9 3

[[21]]
[1] 1 1 5 1

[[22]]
[1]  1  1  2 16

[[23]]
[1]  1  1  2 10

[[24]]
[1]  1  1  6 48

[[25]]
[1] 1 1 2 1

[[26]]
[1] 1 1 5 3

[[27]]
[1] 1 1 6 8

[[28]]
[1]  1  2  3 31

[[29]]
[1] 1 1 1 2

[[30]]
[1]  1  1  4 12

[[31]]
[1] 2.0 2.0 2.0 2.5

[[32]]
[1] 1 1 4 2

[[33]]
[1]  2.0  2.0  2.0 26.5

[[1]]
[1] 1 2 2 4

[[2]]
[1]  0  1 10  1

[[3]]
[1]  1  1  1 23

[[4]]
[1] 0 1 5 4

[[5]]
[1] 1 1 2 4

[[6]]
[1]  1  1  7 13

[[7]]
[1] 1 1 4 5

[[8]]
[1] 1 1 1 1

[[9]]
[1] 0 1 2 1

[[10]]
[1] 1 1 6 8

[[11]]
[1] 1 1 5 1

[[12]]
[1] 1 1 3 1

[[13]]
[1]  2  2  2 36

[[14]]
[1] 1 1 7 9

[[15]]
[1]  0  1  4 11

[[16]]
[1]  1  1  2 36

[[17]]
[1] 1 1 1 3

[[18]]
[1]  1  1 10 26

[[19]]
[1] 1 1 1 3

[[20]]
[1] 1 1 9 3

[[21]]
[1] 1 1 5 1

[[22]]
[1]  1  1  2 16

[[23]]
[1]  1  1  2 10

[[24]]
[1]  1  1  6 48

[[25]]
[1] 1 1 2 1

[[26]]
[1] 1 1 5 3

[[27]]
[1] 1 1 6 8

[[28]]
[1]  1  2  3 31

[[29]]
[1] 1 1 1 2

[[30]]
[1]  1  1  4 12

[[31]]
[1] 2.0 2.0 2.0 2.5

[[32]]
[1] 1 1 4 2

[[33]]
[1]  2.0  2.0  2.0 26.5

[[34]]
[1] 1 1 1 8

[[1]]
[1]  0  1 10  7

[[2]]
[1]  1  1  3 17

[[3]]
[1]  1  1  1 35

[[4]]
[1] 1 1 1 2

[[5]]
[1] 0 1 6 6

[[6]]
[1]  1  1 10 34

[[7]]
[1] 1 1 1 5

[[8]]
[1]  1  1  6 28

[[9]]
[1]  1  1  1 32

[[10]]
[1] 1 1 2 7

[[11]]
[1]  1  1  4 13

[[12]]
[1]  0  2  8 13

[[13]]
[1] 1 1 2 6

[[14]]
[1]  1  1  7 22

[[15]]
[1]  1  1  1 11

[[1]]
[1] 1 2 2 4

[[2]]
[1]  0  1 10  1

[[3]]
[1]  1  1  1 23

[[4]]
[1] 0 1 5 4

[[5]]
[1] 1 1 2 4

[[6]]
[1]  1  1  7 13

[[7]]
[1] 1 1 4 5

[[8]]
[1] 1 1 1 1

[[9]]
[1] 0 1 2 1

[[10]]
[1] 1 1 6 8

[[11]]
[1] 1 1 5 1

[[12]]
[1] 1 1 3 1

[[13]]
[1]  2  2  2 36

[[14]]
[1] 1 1 7 9

[[15]]
[1]  0  1  4 11

[[16]]
[1]  1  1  2 36

[[17]]
[1] 1 1 1 3

[[18]]
[1]  1  1 10 26

[[19]]
[1] 1 1 1 3

[[20]]
[1] 1 1 9 3

[[21]]
[1] 1 1 5 1

[[22]]
[1]  1  1  2 16

[[23]]
[1]  1  1  2 10

[[24]]
[1]  1  1  6 48

[[25]]
[1] 1 1 2 1

[[26]]
[1] 1 1 5 3

[[27]]
[1] 1 1 6 8

[[28]]
[1]  1  2  3 31

[[29]]
[1] 1 1 1 2

[[30]]
[1]  1  1  4 12

[[31]]
[1] 2.0 2.0 2.0 2.5

[[32]]
[1] 1 1 4 2

[[33]]
[1]  2.0  2.0  2.0 26.5

[[34]]
[1] 1 1 1 8

[[35]]
[1] 1 1 2 1

[[1]]
[1]  0  1 10  7

[[2]]
[1]  1  1  3 17

[[3]]
[1]  1  1  1 35

[[4]]
[1] 1 1 1 2

[[5]]
[1] 0 1 6 6

[[6]]
[1]  1  1 10 34

[[7]]
[1] 1 1 1 5

[[8]]
[1]  1  1  6 28

[[9]]
[1]  1  1  1 32

[[10]]
[1] 1 1 2 7

[[11]]
[1]  1  1  4 13

[[12]]
[1]  0  2  8 13

[[13]]
[1] 1 1 2 6

[[14]]
[1]  1  1  7 22

[[15]]
[1]  1  1  1 11

[[16]]
[1] 1 1 1 3

[[1]]
[1]  1  1  4 32

[[2]]
[1] 1 1 4 7

[[3]]
[1] 0 1 3 2

[[4]]
[1] 1 1 1 9

[[5]]
[1] 1 1 1 6

[[6]]
[1]  0  1 10  5

[[7]]
[1]  1  1  2 62

[[8]]
[1]  1  1  8 22

[[1]]
[1] 1 2 2 4

[[2]]
[1]  0  1 10  1

[[3]]
[1]  1  1  1 23

[[4]]
[1] 0 1 5 4

[[5]]
[1] 1 1 2 4

[[6]]
[1]  1  1  7 13

[[7]]
[1] 1 1 4 5

[[8]]
[1] 1 1 1 1

[[9]]
[1] 0 1 2 1

[[10]]
[1] 1 1 6 8

[[11]]
[1] 1 1 5 1

[[12]]
[1] 1 1 3 1

[[13]]
[1]  2  2  2 36

[[14]]
[1] 1 1 7 9

[[15]]
[1]  0  1  4 11

[[16]]
[1]  1  1  2 36

[[17]]
[1] 1 1 1 3

[[18]]
[1]  1  1 10 26

[[19]]
[1] 1 1 1 3

[[20]]
[1] 1 1 9 3

[[21]]
[1] 1 1 5 1

[[22]]
[1]  1  1  2 16

[[23]]
[1]  1  1  2 10

[[24]]
[1]  1  1  6 48

[[25]]
[1] 1 1 2 1

[[26]]
[1] 1 1 5 3

[[27]]
[1] 1 1 6 8

[[28]]
[1]  1  2  3 31

[[29]]
[1] 1 1 1 2

[[30]]
[1]  1  1  4 12

[[31]]
[1] 2.0 2.0 2.0 2.5

[[32]]
[1] 1 1 4 2

[[33]]
[1]  2.0  2.0  2.0 26.5

[[34]]
[1] 1 1 1 8

[[35]]
[1] 1 1 2 1

[[36]]
[1] 1 1 5 5

[[1]]
[1]  0  1  9 24

[[2]]
[1]  0  1  7 59

[[3]]
[1] 0 1 3 4

[[4]]
[1]  0  1  5 12

[[5]]
[1] 0 1 9 2

[[6]]
[1]  0  1  2 16

[[7]]
[1] 0 1 8 1

[[8]]
[1]  0  1  5 10

[[9]]
[1]  0  1 10  1

[[10]]
[1]  0  1  8 13

[[11]]
[1]  1  1 10 69

[[1]]
[1] 1 2 2 4

[[2]]
[1]  0  1 10  1

[[3]]
[1]  1  1  1 23

[[4]]
[1] 0 1 5 4

[[5]]
[1] 1 1 2 4

[[6]]
[1]  1  1  7 13

[[7]]
[1] 1 1 4 5

[[8]]
[1] 1 1 1 1

[[9]]
[1] 0 1 2 1

[[10]]
[1] 1 1 6 8

[[11]]
[1] 1 1 5 1

[[12]]
[1] 1 1 3 1

[[13]]
[1]  2  2  2 36

[[14]]
[1] 1 1 7 9

[[15]]
[1]  0  1  4 11

[[16]]
[1]  1  1  2 36

[[17]]
[1] 1 1 1 3

[[18]]
[1]  1  1 10 26

[[19]]
[1] 1 1 1 3

[[20]]
[1] 1 1 9 3

[[21]]
[1] 1 1 5 1

[[22]]
[1]  1  1  2 16

[[23]]
[1]  1  1  2 10

[[24]]
[1]  1  1  6 48

[[25]]
[1] 1 1 2 1

[[26]]
[1] 1 1 5 3

[[27]]
[1] 1 1 6 8

[[28]]
[1]  1  2  3 31

[[29]]
[1] 1 1 1 2

[[30]]
[1]  1  1  4 12

[[31]]
[1] 2.0 2.0 2.0 2.5

[[32]]
[1] 1 1 4 2

[[33]]
[1]  2.0  2.0  2.0 26.5

[[34]]
[1] 1 1 1 8

[[35]]
[1] 1 1 2 1

[[36]]
[1] 1 1 5 5

[[37]]
[1]  1  1 10 19

[[1]]
[1]  1  1  4 32

[[2]]
[1] 1 1 4 7

[[3]]
[1] 0 1 3 2

[[4]]
[1] 1 1 1 9

[[5]]
[1] 1 1 1 6

[[6]]
[1]  0  1 10  5

[[7]]
[1]  1  1  2 62

[[8]]
[1]  1  1  8 22

[[9]]
[1]  1  1  3 14

[[1]]
[1]  0  1 10  7

[[2]]
[1]  1  1  3 17

[[3]]
[1]  1  1  1 35

[[4]]
[1] 1 1 1 2

[[5]]
[1] 0 1 6 6

[[6]]
[1]  1  1 10 34

[[7]]
[1] 1 1 1 5

[[8]]
[1]  1  1  6 28

[[9]]
[1]  1  1  1 32

[[10]]
[1] 1 1 2 7

[[11]]
[1]  1  1  4 13

[[12]]
[1]  0  2  8 13

[[13]]
[1] 1 1 2 6

[[14]]
[1]  1  1  7 22

[[15]]
[1]  1  1  1 11

[[16]]
[1] 1 1 1 3

[[17]]
[1] 1 1 1 6

[[1]]
[1] 1 2 2 4

[[2]]
[1]  0  1 10  1

[[3]]
[1]  1  1  1 23

[[4]]
[1] 0 1 5 4

[[5]]
[1] 1 1 2 4

[[6]]
[1]  1  1  7 13

[[7]]
[1] 1 1 4 5

[[8]]
[1] 1 1 1 1

[[9]]
[1] 0 1 2 1

[[10]]
[1] 1 1 6 8

[[11]]
[1] 1 1 5 1

[[12]]
[1] 1 1 3 1

[[13]]
[1]  2  2  2 36

[[14]]
[1] 1 1 7 9

[[15]]
[1]  0  1  4 11

[[16]]
[1]  1  1  2 36

[[17]]
[1] 1 1 1 3

[[18]]
[1]  1  1 10 26

[[19]]
[1] 1 1 1 3

[[20]]
[1] 1 1 9 3

[[21]]
[1] 1 1 5 1

[[22]]
[1]  1  1  2 16

[[23]]
[1]  1  1  2 10

[[24]]
[1]  1  1  6 48

[[25]]
[1] 1 1 2 1

[[26]]
[1] 1 1 5 3

[[27]]
[1] 1 1 6 8

[[28]]
[1]  1  2  3 31

[[29]]
[1] 1 1 1 2

[[30]]
[1]  1  1  4 12

[[31]]
[1] 2.0 2.0 2.0 2.5

[[32]]
[1] 1 1 4 2

[[33]]
[1]  2.0  2.0  2.0 26.5

[[34]]
[1] 1 1 1 8

[[35]]
[1] 1 1 2 1

[[36]]
[1] 1 1 5 5

[[37]]
[1]  1  1 10 19

[[38]]
[1] 1 1 3 4

[[1]]
[1]  0  1  9 24

[[2]]
[1]  0  1  7 59

[[3]]
[1] 0 1 3 4

[[4]]
[1]  0  1  5 12

[[5]]
[1] 0 1 9 2

[[6]]
[1]  0  1  2 16

[[7]]
[1] 0 1 8 1

[[8]]
[1]  0  1  5 10

[[9]]
[1]  0  1 10  1

[[10]]
[1]  0  1  8 13

[[11]]
[1]  1  1 10 69

[[12]]
[1]  0  1  9 34

[[1]]
[1]  1  1  4 32

[[2]]
[1] 1 1 4 7

[[3]]
[1] 0 1 3 2

[[4]]
[1] 1 1 1 9

[[5]]
[1] 1 1 1 6

[[6]]
[1]  0  1 10  5

[[7]]
[1]  1  1  2 62

[[8]]
[1]  1  1  8 22

[[9]]
[1]  1  1  3 14

[[10]]
[1] 1 1 1 2

[[1]]
[1] 1 2 2 4

[[2]]
[1]  0  1 10  1

[[3]]
[1]  1  1  1 23

[[4]]
[1] 0 1 5 4

[[5]]
[1] 1 1 2 4

[[6]]
[1]  1  1  7 13

[[7]]
[1] 1 1 4 5

[[8]]
[1] 1 1 1 1

[[9]]
[1] 0 1 2 1

[[10]]
[1] 1 1 6 8

[[11]]
[1] 1 1 5 1

[[12]]
[1] 1 1 3 1

[[13]]
[1]  2  2  2 36

[[14]]
[1] 1 1 7 9

[[15]]
[1]  0  1  4 11

[[16]]
[1]  1  1  2 36

[[17]]
[1] 1 1 1 3

[[18]]
[1]  1  1 10 26

[[19]]
[1] 1 1 1 3

[[20]]
[1] 1 1 9 3

[[21]]
[1] 1 1 5 1

[[22]]
[1]  1  1  2 16

[[23]]
[1]  1  1  2 10

[[24]]
[1]  1  1  6 48

[[25]]
[1] 1 1 2 1

[[26]]
[1] 1 1 5 3

[[27]]
[1] 1 1 6 8

[[28]]
[1]  1  2  3 31

[[29]]
[1] 1 1 1 2

[[30]]
[1]  1  1  4 12

[[31]]
[1] 2.0 2.0 2.0 2.5

[[32]]
[1] 1 1 4 2

[[33]]
[1]  2.0  2.0  2.0 26.5

[[34]]
[1] 1 1 1 8

[[35]]
[1] 1 1 2 1

[[36]]
[1] 1 1 5 5

[[37]]
[1]  1  1 10 19

[[38]]
[1] 1 1 3 4

[[39]]
[1] 1 1 2 1

[[1]]
[1] 1 2 2 4

[[2]]
[1]  0  1 10  1

[[3]]
[1]  1  1  1 23

[[4]]
[1] 0 1 5 4

[[5]]
[1] 1 1 2 4

[[6]]
[1]  1  1  7 13

[[7]]
[1] 1 1 4 5

[[8]]
[1] 1 1 1 1

[[9]]
[1] 0 1 2 1

[[10]]
[1] 1 1 6 8

[[11]]
[1] 1 1 5 1

[[12]]
[1] 1 1 3 1

[[13]]
[1]  2  2  2 36

[[14]]
[1] 1 1 7 9

[[15]]
[1]  0  1  4 11

[[16]]
[1]  1  1  2 36

[[17]]
[1] 1 1 1 3

[[18]]
[1]  1  1 10 26

[[19]]
[1] 1 1 1 3

[[20]]
[1] 1 1 9 3

[[21]]
[1] 1 1 5 1

[[22]]
[1]  1  1  2 16

[[23]]
[1]  1  1  2 10

[[24]]
[1]  1  1  6 48

[[25]]
[1] 1 1 2 1

[[26]]
[1] 1 1 5 3

[[27]]
[1] 1 1 6 8

[[28]]
[1]  1  2  3 31

[[29]]
[1] 1 1 1 2

[[30]]
[1]  1  1  4 12

[[31]]
[1] 2.0 2.0 2.0 2.5

[[32]]
[1] 1 1 4 2

[[33]]
[1]  2.0  2.0  2.0 26.5

[[34]]
[1] 1 1 1 8

[[35]]
[1] 1 1 2 1

[[36]]
[1] 1 1 5 5

[[37]]
[1]  1  1 10 19

[[38]]
[1] 1 1 3 4

[[39]]
[1] 1 1 2 1

[[40]]
[1] 0 1 2 1

[[1]]
[1]  0  1  8 34

[[1]]
[1] 1 2 2 4

[[2]]
[1]  0  1 10  1

[[3]]
[1]  1  1  1 23

[[4]]
[1] 0 1 5 4

[[5]]
[1] 1 1 2 4

[[6]]
[1]  1  1  7 13

[[7]]
[1] 1 1 4 5

[[8]]
[1] 1 1 1 1

[[9]]
[1] 0 1 2 1

[[10]]
[1] 1 1 6 8

[[11]]
[1] 1 1 5 1

[[12]]
[1] 1 1 3 1

[[13]]
[1]  2  2  2 36

[[14]]
[1] 1 1 7 9

[[15]]
[1]  0  1  4 11

[[16]]
[1]  1  1  2 36

[[17]]
[1] 1 1 1 3

[[18]]
[1]  1  1 10 26

[[19]]
[1] 1 1 1 3

[[20]]
[1] 1 1 9 3

[[21]]
[1] 1 1 5 1

[[22]]
[1]  1  1  2 16

[[23]]
[1]  1  1  2 10

[[24]]
[1]  1  1  6 48

[[25]]
[1] 1 1 2 1

[[26]]
[1] 1 1 5 3

[[27]]
[1] 1 1 6 8

[[28]]
[1]  1  2  3 31

[[29]]
[1] 1 1 1 2

[[30]]
[1]  1  1  4 12

[[31]]
[1] 2.0 2.0 2.0 2.5

[[32]]
[1] 1 1 4 2

[[33]]
[1]  2.0  2.0  2.0 26.5

[[34]]
[1] 1 1 1 8

[[35]]
[1] 1 1 2 1

[[36]]
[1] 1 1 5 5

[[37]]
[1]  1  1 10 19

[[38]]
[1] 1 1 3 4

[[39]]
[1] 1 1 2 1

[[40]]
[1] 0 1 2 1

[[41]]
[1] 1 1 3 1

[[1]]
[1]  0  1 10  7

[[2]]
[1]  1  1  3 17

[[3]]
[1]  1  1  1 35

[[4]]
[1] 1 1 1 2

[[5]]
[1] 0 1 6 6

[[6]]
[1]  1  1 10 34

[[7]]
[1] 1 1 1 5

[[8]]
[1]  1  1  6 28

[[9]]
[1]  1  1  1 32

[[10]]
[1] 1 1 2 7

[[11]]
[1]  1  1  4 13

[[12]]
[1]  0  2  8 13

[[13]]
[1] 1 1 2 6

[[14]]
[1]  1  1  7 22

[[15]]
[1]  1  1  1 11

[[16]]
[1] 1 1 1 3

[[17]]
[1] 1 1 1 6

[[18]]
[1]  1  1  5 27

[[1]]
[1] 1 2 2 4

[[2]]
[1]  0  1 10  1

[[3]]
[1]  1  1  1 23

[[4]]
[1] 0 1 5 4

[[5]]
[1] 1 1 2 4

[[6]]
[1]  1  1  7 13

[[7]]
[1] 1 1 4 5

[[8]]
[1] 1 1 1 1

[[9]]
[1] 0 1 2 1

[[10]]
[1] 1 1 6 8

[[11]]
[1] 1 1 5 1

[[12]]
[1] 1 1 3 1

[[13]]
[1]  2  2  2 36

[[14]]
[1] 1 1 7 9

[[15]]
[1]  0  1  4 11

[[16]]
[1]  1  1  2 36

[[17]]
[1] 1 1 1 3

[[18]]
[1]  1  1 10 26

[[19]]
[1] 1 1 1 3

[[20]]
[1] 1 1 9 3

[[21]]
[1] 1 1 5 1

[[22]]
[1]  1  1  2 16

[[23]]
[1]  1  1  2 10

[[24]]
[1]  1  1  6 48

[[25]]
[1] 1 1 2 1

[[26]]
[1] 1 1 5 3

[[27]]
[1] 1 1 6 8

[[28]]
[1]  1  2  3 31

[[29]]
[1] 1 1 1 2

[[30]]
[1]  1  1  4 12

[[31]]
[1] 2.0 2.0 2.0 2.5

[[32]]
[1] 1 1 4 2

[[33]]
[1]  2.0  2.0  2.0 26.5

[[34]]
[1] 1 1 1 8

[[35]]
[1] 1 1 2 1

[[36]]
[1] 1 1 5 5

[[37]]
[1]  1  1 10 19

[[38]]
[1] 1 1 3 4

[[39]]
[1] 1 1 2 1

[[40]]
[1] 0 1 2 1

[[41]]
[1] 1 1 3 1

[[42]]
[1] 1 1 1 2

[[1]]
[1]  0  1  8 34

[[2]]
[1]  0  1  1 19

[[1]]
[1] 1 2 2 4

[[2]]
[1]  0  1 10  1

[[3]]
[1]  1  1  1 23

[[4]]
[1] 0 1 5 4

[[5]]
[1] 1 1 2 4

[[6]]
[1]  1  1  7 13

[[7]]
[1] 1 1 4 5

[[8]]
[1] 1 1 1 1

[[9]]
[1] 0 1 2 1

[[10]]
[1] 1 1 6 8

[[11]]
[1] 1 1 5 1

[[12]]
[1] 1 1 3 1

[[13]]
[1]  2  2  2 36

[[14]]
[1] 1 1 7 9

[[15]]
[1]  0  1  4 11

[[16]]
[1]  1  1  2 36

[[17]]
[1] 1 1 1 3

[[18]]
[1]  1  1 10 26

[[19]]
[1] 1 1 1 3

[[20]]
[1] 1 1 9 3

[[21]]
[1] 1 1 5 1

[[22]]
[1]  1  1  2 16

[[23]]
[1]  1  1  2 10

[[24]]
[1]  1  1  6 48

[[25]]
[1] 1 1 2 1

[[26]]
[1] 1 1 5 3

[[27]]
[1] 1 1 6 8

[[28]]
[1]  1  2  3 31

[[29]]
[1] 1 1 1 2

[[30]]
[1]  1  1  4 12

[[31]]
[1] 2.0 2.0 2.0 2.5

[[32]]
[1] 1 1 4 2

[[33]]
[1]  2.0  2.0  2.0 26.5

[[34]]
[1] 1 1 1 8

[[35]]
[1] 1 1 2 1

[[36]]
[1] 1 1 5 5

[[37]]
[1]  1  1 10 19

[[38]]
[1] 1 1 3 4

[[39]]
[1] 1 1 2 1

[[40]]
[1] 0 1 2 1

[[41]]
[1] 1 1 3 1

[[42]]
[1] 1 1 1 2

[[43]]
[1]  2.0  2.0  2.0 10.5

[[1]]
[1] 1 2 2 4

[[2]]
[1]  0  1 10  1

[[3]]
[1]  1  1  1 23

[[4]]
[1] 0 1 5 4

[[5]]
[1] 1 1 2 4

[[6]]
[1]  1  1  7 13

[[7]]
[1] 1 1 4 5

[[8]]
[1] 1 1 1 1

[[9]]
[1] 0 1 2 1

[[10]]
[1] 1 1 6 8

[[11]]
[1] 1 1 5 1

[[12]]
[1] 1 1 3 1

[[13]]
[1]  2  2  2 36

[[14]]
[1] 1 1 7 9

[[15]]
[1]  0  1  4 11

[[16]]
[1]  1  1  2 36

[[17]]
[1] 1 1 1 3

[[18]]
[1]  1  1 10 26

[[19]]
[1] 1 1 1 3

[[20]]
[1] 1 1 9 3

[[21]]
[1] 1 1 5 1

[[22]]
[1]  1  1  2 16

[[23]]
[1]  1  1  2 10

[[24]]
[1]  1  1  6 48

[[25]]
[1] 1 1 2 1

[[26]]
[1] 1 1 5 3

[[27]]
[1] 1 1 6 8

[[28]]
[1]  1  2  3 31

[[29]]
[1] 1 1 1 2

[[30]]
[1]  1  1  4 12

[[31]]
[1] 2.0 2.0 2.0 2.5

[[32]]
[1] 1 1 4 2

[[33]]
[1]  2.0  2.0  2.0 26.5

[[34]]
[1] 1 1 1 8

[[35]]
[1] 1 1 2 1

[[36]]
[1] 1 1 5 5

[[37]]
[1]  1  1 10 19

[[38]]
[1] 1 1 3 4

[[39]]
[1] 1 1 2 1

[[40]]
[1] 0 1 2 1

[[41]]
[1] 1 1 3 1

[[42]]
[1] 1 1 1 2

[[43]]
[1]  2.0  2.0  2.0 10.5

[[44]]
[1] 1 1 1 3

[[1]]
[1] 1 2 2 4

[[2]]
[1]  0  1 10  1

[[3]]
[1]  1  1  1 23

[[4]]
[1] 0 1 5 4

[[5]]
[1] 1 1 2 4

[[6]]
[1]  1  1  7 13

[[7]]
[1] 1 1 4 5

[[8]]
[1] 1 1 1 1

[[9]]
[1] 0 1 2 1

[[10]]
[1] 1 1 6 8

[[11]]
[1] 1 1 5 1

[[12]]
[1] 1 1 3 1

[[13]]
[1]  2  2  2 36

[[14]]
[1] 1 1 7 9

[[15]]
[1]  0  1  4 11

[[16]]
[1]  1  1  2 36

[[17]]
[1] 1 1 1 3

[[18]]
[1]  1  1 10 26

[[19]]
[1] 1 1 1 3

[[20]]
[1] 1 1 9 3

[[21]]
[1] 1 1 5 1

[[22]]
[1]  1  1  2 16

[[23]]
[1]  1  1  2 10

[[24]]
[1]  1  1  6 48

[[25]]
[1] 1 1 2 1

[[26]]
[1] 1 1 5 3

[[27]]
[1] 1 1 6 8

[[28]]
[1]  1  2  3 31

[[29]]
[1] 1 1 1 2

[[30]]
[1]  1  1  4 12

[[31]]
[1] 2.0 2.0 2.0 2.5

[[32]]
[1] 1 1 4 2

[[33]]
[1]  2.0  2.0  2.0 26.5

[[34]]
[1] 1 1 1 8

[[35]]
[1] 1 1 2 1

[[36]]
[1] 1 1 5 5

[[37]]
[1]  1  1 10 19

[[38]]
[1] 1 1 3 4

[[39]]
[1] 1 1 2 1

[[40]]
[1] 0 1 2 1

[[41]]
[1] 1 1 3 1

[[42]]
[1] 1 1 1 2

[[43]]
[1]  2.0  2.0  2.0 10.5

[[44]]
[1] 1 1 1 3

[[45]]
[1] 1 1 2 3

[[1]]
[1]  0  1  3 13

[[1]]
[1] 0 1 9 6

[[1]]
[1] 1 2 2 4

[[2]]
[1]  0  1 10  1

[[3]]
[1]  1  1  1 23

[[4]]
[1] 0 1 5 4

[[5]]
[1] 1 1 2 4

[[6]]
[1]  1  1  7 13

[[7]]
[1] 1 1 4 5

[[8]]
[1] 1 1 1 1

[[9]]
[1] 0 1 2 1

[[10]]
[1] 1 1 6 8

[[11]]
[1] 1 1 5 1

[[12]]
[1] 1 1 3 1

[[13]]
[1]  2  2  2 36

[[14]]
[1] 1 1 7 9

[[15]]
[1]  0  1  4 11

[[16]]
[1]  1  1  2 36

[[17]]
[1] 1 1 1 3

[[18]]
[1]  1  1 10 26

[[19]]
[1] 1 1 1 3

[[20]]
[1] 1 1 9 3

[[21]]
[1] 1 1 5 1

[[22]]
[1]  1  1  2 16

[[23]]
[1]  1  1  2 10

[[24]]
[1]  1  1  6 48

[[25]]
[1] 1 1 2 1

[[26]]
[1] 1 1 5 3

[[27]]
[1] 1 1 6 8

[[28]]
[1]  1  2  3 31

[[29]]
[1] 1 1 1 2

[[30]]
[1]  1  1  4 12

[[31]]
[1] 2.0 2.0 2.0 2.5

[[32]]
[1] 1 1 4 2

[[33]]
[1]  2.0  2.0  2.0 26.5

[[34]]
[1] 1 1 1 8

[[35]]
[1] 1 1 2 1

[[36]]
[1] 1 1 5 5

[[37]]
[1]  1  1 10 19

[[38]]
[1] 1 1 3 4

[[39]]
[1] 1 1 2 1

[[40]]
[1] 0 1 2 1

[[41]]
[1] 1 1 3 1

[[42]]
[1] 1 1 1 2

[[43]]
[1]  2.0  2.0  2.0 10.5

[[44]]
[1] 1 1 1 3

[[45]]
[1] 1 1 2 3

[[46]]
[1] 1 1 1 2

[[1]]
[1] 1 2 2 4

[[2]]
[1]  0  1 10  1

[[3]]
[1]  1  1  1 23

[[4]]
[1] 0 1 5 4

[[5]]
[1] 1 1 2 4

[[6]]
[1]  1  1  7 13

[[7]]
[1] 1 1 4 5

[[8]]
[1] 1 1 1 1

[[9]]
[1] 0 1 2 1

[[10]]
[1] 1 1 6 8

[[11]]
[1] 1 1 5 1

[[12]]
[1] 1 1 3 1

[[13]]
[1]  2  2  2 36

[[14]]
[1] 1 1 7 9

[[15]]
[1]  0  1  4 11

[[16]]
[1]  1  1  2 36

[[17]]
[1] 1 1 1 3

[[18]]
[1]  1  1 10 26

[[19]]
[1] 1 1 1 3

[[20]]
[1] 1 1 9 3

[[21]]
[1] 1 1 5 1

[[22]]
[1]  1  1  2 16

[[23]]
[1]  1  1  2 10

[[24]]
[1]  1  1  6 48

[[25]]
[1] 1 1 2 1

[[26]]
[1] 1 1 5 3

[[27]]
[1] 1 1 6 8

[[28]]
[1]  1  2  3 31

[[29]]
[1] 1 1 1 2

[[30]]
[1]  1  1  4 12

[[31]]
[1] 2.0 2.0 2.0 2.5

[[32]]
[1] 1 1 4 2

[[33]]
[1]  2.0  2.0  2.0 26.5

[[34]]
[1] 1 1 1 8

[[35]]
[1] 1 1 2 1

[[36]]
[1] 1 1 5 5

[[37]]
[1]  1  1 10 19

[[38]]
[1] 1 1 3 4

[[39]]
[1] 1 1 2 1

[[40]]
[1] 0 1 2 1

[[41]]
[1] 1 1 3 1

[[42]]
[1] 1 1 1 2

[[43]]
[1]  2.0  2.0  2.0 10.5

[[44]]
[1] 1 1 1 3

[[45]]
[1] 1 1 2 3

[[46]]
[1] 1 1 1 2

[[47]]
[1] 1 1 1 1

[[1]]
[1] 1 2 2 4

[[2]]
[1]  0  1 10  1

[[3]]
[1]  1  1  1 23

[[4]]
[1] 0 1 5 4

[[5]]
[1] 1 1 2 4

[[6]]
[1]  1  1  7 13

[[7]]
[1] 1 1 4 5

[[8]]
[1] 1 1 1 1

[[9]]
[1] 0 1 2 1

[[10]]
[1] 1 1 6 8

[[11]]
[1] 1 1 5 1

[[12]]
[1] 1 1 3 1

[[13]]
[1]  2  2  2 36

[[14]]
[1] 1 1 7 9

[[15]]
[1]  0  1  4 11

[[16]]
[1]  1  1  2 36

[[17]]
[1] 1 1 1 3

[[18]]
[1]  1  1 10 26

[[19]]
[1] 1 1 1 3

[[20]]
[1] 1 1 9 3

[[21]]
[1] 1 1 5 1

[[22]]
[1]  1  1  2 16

[[23]]
[1]  1  1  2 10

[[24]]
[1]  1  1  6 48

[[25]]
[1] 1 1 2 1

[[26]]
[1] 1 1 5 3

[[27]]
[1] 1 1 6 8

[[28]]
[1]  1  2  3 31

[[29]]
[1] 1 1 1 2

[[30]]
[1]  1  1  4 12

[[31]]
[1] 2.0 2.0 2.0 2.5

[[32]]
[1] 1 1 4 2

[[33]]
[1]  2.0  2.0  2.0 26.5

[[34]]
[1] 1 1 1 8

[[35]]
[1] 1 1 2 1

[[36]]
[1] 1 1 5 5

[[37]]
[1]  1  1 10 19

[[38]]
[1] 1 1 3 4

[[39]]
[1] 1 1 2 1

[[40]]
[1] 0 1 2 1

[[41]]
[1] 1 1 3 1

[[42]]
[1] 1 1 1 2

[[43]]
[1]  2.0  2.0  2.0 10.5

[[44]]
[1] 1 1 1 3

[[45]]
[1] 1 1 2 3

[[46]]
[1] 1 1 1 2

[[47]]
[1] 1 1 1 1

[[48]]
[1] 1 1 2 3

[[1]]
[1]  0  1  3 13

[[2]]
[1] 1 1 6 3

[[1]]
[1] 1 2 2 4

[[2]]
[1]  0  1 10  1

[[3]]
[1]  1  1  1 23

[[4]]
[1] 0 1 5 4

[[5]]
[1] 1 1 2 4

[[6]]
[1]  1  1  7 13

[[7]]
[1] 1 1 4 5

[[8]]
[1] 1 1 1 1

[[9]]
[1] 0 1 2 1

[[10]]
[1] 1 1 6 8

[[11]]
[1] 1 1 5 1

[[12]]
[1] 1 1 3 1

[[13]]
[1]  2  2  2 36

[[14]]
[1] 1 1 7 9

[[15]]
[1]  0  1  4 11

[[16]]
[1]  1  1  2 36

[[17]]
[1] 1 1 1 3

[[18]]
[1]  1  1 10 26

[[19]]
[1] 1 1 1 3

[[20]]
[1] 1 1 9 3

[[21]]
[1] 1 1 5 1

[[22]]
[1]  1  1  2 16

[[23]]
[1]  1  1  2 10

[[24]]
[1]  1  1  6 48

[[25]]
[1] 1 1 2 1

[[26]]
[1] 1 1 5 3

[[27]]
[1] 1 1 6 8

[[28]]
[1]  1  2  3 31

[[29]]
[1] 1 1 1 2

[[30]]
[1]  1  1  4 12

[[31]]
[1] 2.0 2.0 2.0 2.5

[[32]]
[1] 1 1 4 2

[[33]]
[1]  2.0  2.0  2.0 26.5

[[34]]
[1] 1 1 1 8

[[35]]
[1] 1 1 2 1

[[36]]
[1] 1 1 5 5

[[37]]
[1]  1  1 10 19

[[38]]
[1] 1 1 3 4

[[39]]
[1] 1 1 2 1

[[40]]
[1] 0 1 2 1

[[41]]
[1] 1 1 3 1

[[42]]
[1] 1 1 1 2

[[43]]
[1]  2.0  2.0  2.0 10.5

[[44]]
[1] 1 1 1 3

[[45]]
[1] 1 1 2 3

[[46]]
[1] 1 1 1 2

[[47]]
[1] 1 1 1 1

[[48]]
[1] 1 1 2 3

[[49]]
[1]  1  1  3 23

[[1]]
[1]  0  1  3 13

[[2]]
[1] 1 1 6 3

[[3]]
[1]  1  1  3 50

[[1]]
[1]  0  1  8 34

[[2]]
[1]  0  1  1 19

[[3]]
[1] 1 1 2 9

[[1]]
[1]  0  1  3 13

[[2]]
[1] 1 1 6 3

[[3]]
[1]  1  1  3 50

[[4]]
[1] 0 1 3 3

[[1]]
[1] 1 2 2 4

[[2]]
[1]  0  1 10  1

[[3]]
[1]  1  1  1 23

[[4]]
[1] 0 1 5 4

[[5]]
[1] 1 1 2 4

[[6]]
[1]  1  1  7 13

[[7]]
[1] 1 1 4 5

[[8]]
[1] 1 1 1 1

[[9]]
[1] 0 1 2 1

[[10]]
[1] 1 1 6 8

[[11]]
[1] 1 1 5 1

[[12]]
[1] 1 1 3 1

[[13]]
[1]  2  2  2 36

[[14]]
[1] 1 1 7 9

[[15]]
[1]  0  1  4 11

[[16]]
[1]  1  1  2 36

[[17]]
[1] 1 1 1 3

[[18]]
[1]  1  1 10 26

[[19]]
[1] 1 1 1 3

[[20]]
[1] 1 1 9 3

[[21]]
[1] 1 1 5 1

[[22]]
[1]  1  1  2 16

[[23]]
[1]  1  1  2 10

[[24]]
[1]  1  1  6 48

[[25]]
[1] 1 1 2 1

[[26]]
[1] 1 1 5 3

[[27]]
[1] 1 1 6 8

[[28]]
[1]  1  2  3 31

[[29]]
[1] 1 1 1 2

[[30]]
[1]  1  1  4 12

[[31]]
[1] 2.0 2.0 2.0 2.5

[[32]]
[1] 1 1 4 2

[[33]]
[1]  2.0  2.0  2.0 26.5

[[34]]
[1] 1 1 1 8

[[35]]
[1] 1 1 2 1

[[36]]
[1] 1 1 5 5

[[37]]
[1]  1  1 10 19

[[38]]
[1] 1 1 3 4

[[39]]
[1] 1 1 2 1

[[40]]
[1] 0 1 2 1

[[41]]
[1] 1 1 3 1

[[42]]
[1] 1 1 1 2

[[43]]
[1]  2.0  2.0  2.0 10.5

[[44]]
[1] 1 1 1 3

[[45]]
[1] 1 1 2 3

[[46]]
[1] 1 1 1 2

[[47]]
[1] 1 1 1 1

[[48]]
[1] 1 1 2 3

[[49]]
[1]  1  1  3 23

[[50]]
[1] 2 2 2 3

[[1]]
[1]  0  1  8 34

[[2]]
[1]  0  1  1 19

[[3]]
[1] 1 1 2 9

[[4]]
[1]  1  1 10 26

[[1]]
[1]  1  1  1 19

[[1]]
[1]  0  1  3 13

[[2]]
[1] 1 1 6 3

[[3]]
[1]  1  1  3 50

[[4]]
[1] 0 1 3 3

[[5]]
[1]  1  1  2 29

[[1]]
[1]  0  1  8 34

[[2]]
[1]  0  1  1 19

[[3]]
[1] 1 1 2 9

[[4]]
[1]  1  1 10 26

[[5]]
[1]  0  1  7 15

[[1]]
[1]  1  1  1 19

[[2]]
[1] 0 1 3 7

[[1]]
[1]  0  1  3 13

[[2]]
[1] 1 1 6 3

[[3]]
[1]  1  1  3 50

[[4]]
[1] 0 1 3 3

[[5]]
[1]  1  1  2 29

[[6]]
[1] 1 1 1 7

[[1]]
[1]  1  1  1 19

[[2]]
[1] 0 1 3 7

[[3]]
[1]  1  1  1 29

[[1]]
[1]  0  1  3 13

[[2]]
[1] 1 1 6 3

[[3]]
[1]  1  1  3 50

[[4]]
[1] 0 1 3 3

[[5]]
[1]  1  1  2 29

[[6]]
[1] 1 1 1 7

[[7]]
[1] 1 1 1 2

[[1]]
[1]  0  1  8 34

[[2]]
[1]  0  1  1 19

[[3]]
[1] 1 1 2 9

[[4]]
[1]  1  1 10 26

[[5]]
[1]  0  1  7 15

[[6]]
[1]  1  1  4 74

[[1]]
[1] 0 1 9 6

[[2]]
[1]  0  1  6 13

[[1]]
[1]  1  1  1 19

[[2]]
[1] 0 1 3 7

[[3]]
[1]  1  1  1 29

[[4]]
[1]  1  1  1 18

[[1]]
[1]  0  1  8 34

[[2]]
[1]  0  1  1 19

[[3]]
[1] 1 1 2 9

[[4]]
[1]  1  1 10 26

[[5]]
[1]  0  1  7 15

[[6]]
[1]  1  1  4 74

[[7]]
[1]  0  1  6 11

[[1]]
[1]  1  1  1 19

[[2]]
[1] 0 1 3 7

[[3]]
[1]  1  1  1 29

[[4]]
[1]  1  1  1 18

[[5]]
[1] 1 1 7 5

[[1]]
[1]  0  1  8 34

[[2]]
[1]  0  1  1 19

[[3]]
[1] 1 1 2 9

[[4]]
[1]  1  1 10 26

[[5]]
[1]  0  1  7 15

[[6]]
[1]  1  1  4 74

[[7]]
[1]  0  1  6 11

[[8]]
[1]  0  1  3 87

[[1]]
[1]  1  1  1 19

[[2]]
[1] 0 1 3 7

[[3]]
[1]  1  1  1 29

[[4]]
[1]  1  1  1 18

[[5]]
[1] 1 1 7 5

[[6]]
[1] 1 1 1 5

[[1]]
[1]  1  1  1 19

[[2]]
[1] 0 1 3 7

[[3]]
[1]  1  1  1 29

[[4]]
[1]  1  1  1 18

[[5]]
[1] 1 1 7 5

[[6]]
[1] 1 1 1 5

[[7]]
[1]  1  1  7 14

[[1]]
[1]  0  1  8 34

[[2]]
[1]  0  1  1 19

[[3]]
[1] 1 1 2 9

[[4]]
[1]  1  1 10 26

[[5]]
[1]  0  1  7 15

[[6]]
[1]  1  1  4 74

[[7]]
[1]  0  1  6 11

[[8]]
[1]  0  1  3 87

[[9]]
[1]  0  1  5 19

[[1]]
[1]  1  1  1 19

[[2]]
[1] 0 1 3 7

[[3]]
[1]  1  1  1 29

[[4]]
[1]  1  1  1 18

[[5]]
[1] 1 1 7 5

[[6]]
[1] 1 1 1 5

[[7]]
[1]  1  1  7 14

[[8]]
[1] 1 1 1 5

[[1]]
[1]  1  1  1 19

[[2]]
[1] 0 1 3 7

[[3]]
[1]  1  1  1 29

[[4]]
[1]  1  1  1 18

[[5]]
[1] 1 1 7 5

[[6]]
[1] 1 1 1 5

[[7]]
[1]  1  1  7 14

[[8]]
[1] 1 1 1 5

[[9]]
[1]  1  1  1 11

[[1]]
[1]  0  1  8 34

[[2]]
[1]  0  1  1 19

[[3]]
[1] 1 1 2 9

[[4]]
[1]  1  1 10 26

[[5]]
[1]  0  1  7 15

[[6]]
[1]  1  1  4 74

[[7]]
[1]  0  1  6 11

[[8]]
[1]  0  1  3 87

[[9]]
[1]  0  1  5 19

[[10]]
[1]  0  1  2 57

[[1]]
[1]  0  1  3 13

[[2]]
[1] 1 1 6 3

[[3]]
[1]  1  1  3 50

[[4]]
[1] 0 1 3 3

[[5]]
[1]  1  1  2 29

[[6]]
[1] 1 1 1 7

[[7]]
[1] 1 1 1 2

[[8]]
[1]  1  1  3 16

[[1]]
[1]  1  1  1 19

[[2]]
[1] 0 1 3 7

[[3]]
[1]  1  1  1 29

[[4]]
[1]  1  1  1 18

[[5]]
[1] 1 1 7 5

[[6]]
[1] 1 1 1 5

[[7]]
[1]  1  1  7 14

[[8]]
[1] 1 1 1 5

[[9]]
[1]  1  1  1 11

[[10]]
[1] 1 1 3 7

[[1]]
[1]  0  1  8 34

[[2]]
[1]  0  1  1 19

[[3]]
[1] 1 1 2 9

[[4]]
[1]  1  1 10 26

[[5]]
[1]  0  1  7 15

[[6]]
[1]  1  1  4 74

[[7]]
[1]  0  1  6 11

[[8]]
[1]  0  1  3 87

[[9]]
[1]  0  1  5 19

[[10]]
[1]  0  1  2 57

[[11]]
[1]  1  1  8 21

[[1]]
[1]  1  1  1 19

[[2]]
[1] 0 1 3 7

[[3]]
[1]  1  1  1 29

[[4]]
[1]  1  1  1 18

[[5]]
[1] 1 1 7 5

[[6]]
[1] 1 1 1 5

[[7]]
[1]  1  1  7 14

[[8]]
[1] 1 1 1 5

[[9]]
[1]  1  1  1 11

[[10]]
[1] 1 1 3 7

[[11]]
[1]  1  1  1 28

[[1]]
[1] 0 1 9 6

[[2]]
[1]  0  1  6 13

[[3]]
[1]  0  1  8 17

[[1]]
[1]  1  1  1 19

[[2]]
[1] 0 1 3 7

[[3]]
[1]  1  1  1 29

[[4]]
[1]  1  1  1 18

[[5]]
[1] 1 1 7 5

[[6]]
[1] 1 1 1 5

[[7]]
[1]  1  1  7 14

[[8]]
[1] 1 1 1 5

[[9]]
[1]  1  1  1 11

[[10]]
[1] 1 1 3 7

[[11]]
[1]  1  1  1 28

[[12]]
[1]  1  1  8 15

[[1]]
[1] 0 1 9 6

[[2]]
[1]  0  1  6 13

[[3]]
[1]  0  1  8 17

[[4]]
[1] 0 1 1 6

[[1]]
[1]  1  1  1 19

[[2]]
[1] 0 1 3 7

[[3]]
[1]  1  1  1 29

[[4]]
[1]  1  1  1 18

[[5]]
[1] 1 1 7 5

[[6]]
[1] 1 1 1 5

[[7]]
[1]  1  1  7 14

[[8]]
[1] 1 1 1 5

[[9]]
[1]  1  1  1 11

[[10]]
[1] 1 1 3 7

[[11]]
[1]  1  1  1 28

[[12]]
[1]  1  1  8 15

[[13]]
[1]  1  1  2 10

[[1]]
[1]  1  1  1 19

[[2]]
[1] 0 1 3 7

[[3]]
[1]  1  1  1 29

[[4]]
[1]  1  1  1 18

[[5]]
[1] 1 1 7 5

[[6]]
[1] 1 1 1 5

[[7]]
[1]  1  1  7 14

[[8]]
[1] 1 1 1 5

[[9]]
[1]  1  1  1 11

[[10]]
[1] 1 1 3 7

[[11]]
[1]  1  1  1 28

[[12]]
[1]  1  1  8 15

[[13]]
[1]  1  1  2 10

[[14]]
[1]  1  1  6 39

[[1]]
[1]  1  1  1 19

[[2]]
[1] 0 1 3 7

[[3]]
[1]  1  1  1 29

[[4]]
[1]  1  1  1 18

[[5]]
[1] 1 1 7 5

[[6]]
[1] 1 1 1 5

[[7]]
[1]  1  1  7 14

[[8]]
[1] 1 1 1 5

[[9]]
[1]  1  1  1 11

[[10]]
[1] 1 1 3 7

[[11]]
[1]  1  1  1 28

[[12]]
[1]  1  1  8 15

[[13]]
[1]  1  1  2 10

[[14]]
[1]  1  1  6 39

[[15]]
[1]  1  1  7 33

[[1]]
[1]  1  1  1 19

[[2]]
[1] 0 1 3 7

[[3]]
[1]  1  1  1 29

[[4]]
[1]  1  1  1 18

[[5]]
[1] 1 1 7 5

[[6]]
[1] 1 1 1 5

[[7]]
[1]  1  1  7 14

[[8]]
[1] 1 1 1 5

[[9]]
[1]  1  1  1 11

[[10]]
[1] 1 1 3 7

[[11]]
[1]  1  1  1 28

[[12]]
[1]  1  1  8 15

[[13]]
[1]  1  1  2 10

[[14]]
[1]  1  1  6 39

[[15]]
[1]  1  1  7 33

[[16]]
[1] 0 1 5 3

[[1]]
[1] 1 1 9 7

[[1]]
[1] 0 1 7 2

[[1]]
[1]  1  1  6 10

[[1]]
[1]  1  1  1 19

[[2]]
[1] 0 1 3 7

[[3]]
[1]  1  1  1 29

[[4]]
[1]  1  1  1 18

[[5]]
[1] 1 1 7 5

[[6]]
[1] 1 1 1 5

[[7]]
[1]  1  1  7 14

[[8]]
[1] 1 1 1 5

[[9]]
[1]  1  1  1 11

[[10]]
[1] 1 1 3 7

[[11]]
[1]  1  1  1 28

[[12]]
[1]  1  1  8 15

[[13]]
[1]  1  1  2 10

[[14]]
[1]  1  1  6 39

[[15]]
[1]  1  1  7 33

[[16]]
[1] 0 1 5 3

[[17]]
[1] 1 1 1 5

[[1]]
[1]  1  1  1 19

[[2]]
[1] 0 1 3 7

[[3]]
[1]  1  1  1 29

[[4]]
[1]  1  1  1 18

[[5]]
[1] 1 1 7 5

[[6]]
[1] 1 1 1 5

[[7]]
[1]  1  1  7 14

[[8]]
[1] 1 1 1 5

[[9]]
[1]  1  1  1 11

[[10]]
[1] 1 1 3 7

[[11]]
[1]  1  1  1 28

[[12]]
[1]  1  1  8 15

[[13]]
[1]  1  1  2 10

[[14]]
[1]  1  1  6 39

[[15]]
[1]  1  1  7 33

[[16]]
[1] 0 1 5 3

[[17]]
[1] 1 1 1 5

[[18]]
[1] 1 1 6 4

[[1]]
[1]  1  1  6 10

[[2]]
[1]  1  1  2 29

[[1]]
[1]  1  1  8 44

[[1]]
[1] 0 1 7 2

[[2]]
[1] 0 1 7 2

[[1]]
[1]  1  1  8 44

[[2]]
[1] 1 1 1 2

[[1]]
[1] 1 1 9 7

[[2]]
[1] 0 1 7 7

[[1]]
[1]  1  1  6 10

[[2]]
[1]  1  1  2 29

[[3]]
[1] 0 1 7 5

[[1]]
[1] 0 1 7 2

[[2]]
[1] 0 1 7 2

[[3]]
[1] 0 1 4 1

[[1]]
[1]  1  1  8 44

[[2]]
[1] 1 1 1 2

[[3]]
[1] 1 1 2 1

[[1]]
[1]  1  1  6 10

[[2]]
[1]  1  1  2 29

[[3]]
[1] 0 1 7 5

[[4]]
[1]  1  1 10 27

[[1]]
[1]  1  1  8 44

[[2]]
[1] 1 1 1 2

[[3]]
[1] 1 1 2 1

[[4]]
[1] 1 1 5 7

[[1]]
[1]  1  1  8 44

[[2]]
[1] 1 1 1 2

[[3]]
[1] 1 1 2 1

[[4]]
[1] 1 1 5 7

[[5]]
[1]  1  1  8 11

[[1]]
[1]  1  1  8 44

[[2]]
[1] 1 1 1 2

[[3]]
[1] 1 1 2 1

[[4]]
[1] 1 1 5 7

[[5]]
[1]  1  1  8 11

[[6]]
[1] 0 1 7 9

[[1]]
[1]  1  1  6 10

[[2]]
[1]  1  1  2 29

[[3]]
[1] 0 1 7 5

[[4]]
[1]  1  1 10 27

[[5]]
[1]  1  1 10 14

[[1]]
[1] 1 1 9 7

[[2]]
[1] 0 1 7 7

[[3]]
[1] 0 1 8 3

[[1]]
[1]  1  1  6 10

[[2]]
[1]  1  1  2 29

[[3]]
[1] 0 1 7 5

[[4]]
[1]  1  1 10 27

[[5]]
[1]  1  1 10 14

[[6]]
[1]  0  1  7 52

[[1]]
[1]  1  1  6 10

[[2]]
[1]  1  1  2 29

[[3]]
[1] 0 1 7 5

[[4]]
[1]  1  1 10 27

[[5]]
[1]  1  1 10 14

[[6]]
[1]  0  1  7 52

[[7]]
[1]  0  1  9 69

[[1]]
[1]  1  1  8 44

[[2]]
[1] 1 1 1 2

[[3]]
[1] 1 1 2 1

[[4]]
[1] 1 1 5 7

[[5]]
[1]  1  1  8 11

[[6]]
[1] 0 1 7 9

[[7]]
[1] 0 1 7 3

[[1]]
[1]  1  1  8 44

[[2]]
[1] 1 1 1 2

[[3]]
[1] 1 1 2 1

[[4]]
[1] 1 1 5 7

[[5]]
[1]  1  1  8 11

[[6]]
[1] 0 1 7 9

[[7]]
[1] 0 1 7 3

[[8]]
[1]  0  1  3 13

[[1]]
[1]  1  1  1 10

[[1]]
[1]  1  1  8 44

[[2]]
[1] 1 1 1 2

[[3]]
[1] 1 1 2 1

[[4]]
[1] 1 1 5 7

[[5]]
[1]  1  1  8 11

[[6]]
[1] 0 1 7 9

[[7]]
[1] 0 1 7 3

[[8]]
[1]  0  1  3 13

[[9]]
[1] 1 1 1 3

[[1]]
[1]  1  1  1 10

[[2]]
[1]  2  2  4 21

[[1]]
[1] 1 1 6 8

[[1]]
[1] 0 1 5 3

[[1]]
[1]  1  1  1 10

[[2]]
[1]  2  2  4 21

[[3]]
[1] 1 1 1 7

[[1]]
[1]  1  1  1 10

[[2]]
[1]  2  2  4 21

[[3]]
[1] 1 1 1 7

[[4]]
[1] 1 1 1 5

[[1]]
[1]  1  1  8 44

[[2]]
[1] 1 1 1 2

[[3]]
[1] 1 1 2 1

[[4]]
[1] 1 1 5 7

[[5]]
[1]  1  1  8 11

[[6]]
[1] 0 1 7 9

[[7]]
[1] 0 1 7 3

[[8]]
[1]  0  1  3 13

[[9]]
[1] 1 1 1 3

[[10]]
[1]  1  1  3 32

[[1]]
[1]  1  1  1 10

[[2]]
[1]  2  2  4 21

[[3]]
[1] 1 1 1 7

[[4]]
[1] 1 1 1 5

[[5]]
[1] 1 1 5 5

[[1]]
[1] 1 1 6 8

[[2]]
[1] 0 1 8 3

[[1]]
[1]  1  1  1 10

[[2]]
[1]  2  2  4 21

[[3]]
[1] 1 1 1 7

[[4]]
[1] 1 1 1 5

[[5]]
[1] 1 1 5 5

[[6]]
[1] 1 1 1 5

[[1]]
[1] 1 1 6 8

[[2]]
[1] 0 1 8 3

[[3]]
[1]  1  1  3 10

[[1]]
[1]  1  1  1 10

[[2]]
[1]  2  2  4 21

[[3]]
[1] 1 1 1 7

[[4]]
[1] 1 1 1 5

[[5]]
[1] 1 1 5 5

[[6]]
[1] 1 1 1 5

[[7]]
[1]  1  1  1 18

[[1]]
[1] 0 1 5 3

[[2]]
[1] 1 1 2 6

[[1]]
[1]  1  1  8 18

[[1]]
[1] 1 1 6 8

[[2]]
[1] 0 1 8 3

[[3]]
[1]  1  1  3 10

[[4]]
[1]  1  1  1 35

[[1]]
[1]  1  1  8 18

[[2]]
[1] 1 1 1 4

[[1]]
[1]  1  1  8 18

[[2]]
[1] 1 1 1 4

[[3]]
[1] 1 1 1 2

[[1]]
[1] 0 1 5 3

[[2]]
[1] 1 1 2 6

[[3]]
[1] 0 1 7 6

[[1]]
[1]  1  1  8 18

[[2]]
[1] 1 1 1 4

[[3]]
[1] 1 1 1 2

[[4]]
[1]  1  1  1 20

[[1]]
[1]  1  1  8 18

[[2]]
[1] 1 1 1 4

[[3]]
[1] 1 1 1 2

[[4]]
[1]  1  1  1 20

[[5]]
[1] 1 1 3 8

[[1]]
[1] 0 1 5 3

[[2]]
[1] 1 1 2 6

[[3]]
[1] 0 1 7 6

[[4]]
[1]  0  1  9 14

[[1]]
[1]  1  1  8 18

[[2]]
[1] 1 1 1 4

[[3]]
[1] 1 1 1 2

[[4]]
[1]  1  1  1 20

[[5]]
[1] 1 1 3 8

[[6]]
[1]  1  1  2 12

[[1]]
[1]  1  1  8 18

[[2]]
[1] 1 1 1 4

[[3]]
[1] 1 1 1 2

[[4]]
[1]  1  1  1 20

[[5]]
[1] 1 1 3 8

[[6]]
[1]  1  1  2 12

[[7]]
[1] 1 1 8 9

[[1]]
[1]  1  1  1 10

[[2]]
[1]  2  2  4 21

[[3]]
[1] 1 1 1 7

[[4]]
[1] 1 1 1 5

[[5]]
[1] 1 1 5 5

[[6]]
[1] 1 1 1 5

[[7]]
[1]  1  1  1 18

[[8]]
[1] 1 1 1 4

[[1]]
[1]  1  1  8 18

[[2]]
[1] 1 1 1 4

[[3]]
[1] 1 1 1 2

[[4]]
[1]  1  1  1 20

[[5]]
[1] 1 1 3 8

[[6]]
[1]  1  1  2 12

[[7]]
[1] 1 1 8 9

[[8]]
[1]  0.0  2.0  8.0 13.5

[[1]]
[1] 0 1 5 3

[[2]]
[1] 1 1 2 6

[[3]]
[1] 0 1 7 6

[[4]]
[1]  0  1  9 14

[[5]]
[1]  1  1  4 10

[[1]]
[1] 1 1 6 8

[[2]]
[1] 0 1 8 3

[[3]]
[1]  1  1  3 10

[[4]]
[1]  1  1  1 35

[[5]]
[1]  1  1  1 15

[[1]]
[1]  1  1  1 10

[[2]]
[1]  2  2  4 21

[[3]]
[1] 1 1 1 7

[[4]]
[1] 1 1 1 5

[[5]]
[1] 1 1 5 5

[[6]]
[1] 1 1 1 5

[[7]]
[1]  1  1  1 18

[[8]]
[1] 1 1 1 4

[[9]]
[1] 1 1 1 1

